# JRE version: OpenJDK Runtime Environment (8.0_242-b01) (build 1.8.0_242-release-1644-b01)
# Java VM: OpenJDK 64-Bit Server VM (25.242-b01 mixed mode windows-amd64 compressed oops)
Heap:
 PSYoungGen      total 141824K, used 58665K [0x00000000e0000000, 0x00000000efa80000, 0x0000000100000000)
  eden space 131072K, 44% used [0x00000000e0000000,0x00000000e394a7f8,0x00000000e8000000)
  from space 10752K, 0% used [0x00000000e8000000,0x00000000e8000000,0x00000000e8a80000)
  to   space 15872K, 0% used [0x00000000eeb00000,0x00000000eeb00000,0x00000000efa80000)
 ParOldGen       total 155648K, used 17683K [0x00000000a0000000, 0x00000000a9800000, 0x00000000e0000000)
  object space 155648K, 11% used [0x00000000a0000000,0x00000000a1144fb8,0x00000000a9800000)
 Metaspace       used 41126K, capacity 42242K, committed 42456K, reserved 1085440K
  class space    used 5557K, capacity 5854K, committed 5888K, reserved 1048576K
GC Heap History (10 events):
Event: 6.015 GC heap before
{Heap before GC invocations=3 (full 0):
 PSYoungGen      total 75264K, used 74922K [0x00000000e0000000, 0x00000000e9400000, 0x0000000100000000)
  eden space 65536K, 100% used [0x00000000e0000000,0x00000000e4000000,0x00000000e4000000)
  from space 9728K, 96% used [0x00000000e8a80000,0x00000000e93aa9e8,0x00000000e9400000)
  to   space 10752K, 0% used [0x00000000e7f00000,0x00000000e7f00000,0x00000000e8980000)
 ParOldGen       total 175104K, used 24K [0x00000000a0000000, 0x00000000aab00000, 0x00000000e0000000)
  object space 175104K, 0% used [0x00000000a0000000,0x00000000a0006000,0x00000000aab00000)
 Metaspace       used 20717K, capacity 21078K, committed 21248K, reserved 1067008K
  class space    used 2918K, capacity 3053K, committed 3072K, reserved 1048576K
Event: 6.022 GC heap after
Heap after GC invocations=3 (full 0):
 PSYoungGen      total 140800K, used 10747K [0x00000000e0000000, 0x00000000e9500000, 0x0000000100000000)
  eden space 130048K, 0% used [0x00000000e0000000,0x00000000e0000000,0x00000000e7f00000)
  from space 10752K, 99% used [0x00000000e7f00000,0x00000000e897edf0,0x00000000e8980000)
  to   space 10752K, 0% used [0x00000000e8a80000,0x00000000e8a80000,0x00000000e9500000)
 ParOldGen       total 175104K, used 1920K [0x00000000a0000000, 0x00000000aab00000, 0x00000000e0000000)
  object space 175104K, 1% used [0x00000000a0000000,0x00000000a01e01b8,0x00000000aab00000)
 Metaspace       used 20717K, capacity 21078K, committed 21248K, reserved 1067008K
  class space    used 2918K, capacity 3053K, committed 3072K, reserved 1048576K
}
Event: 6.022 GC heap before
{Heap before GC invocations=4 (full 1):
 PSYoungGen      total 140800K, used 10747K [0x00000000e0000000, 0x00000000e9500000, 0x0000000100000000)
  eden space 130048K, 0% used [0x00000000e0000000,0x00000000e0000000,0x00000000e7f00000)
  from space 10752K, 99% used [0x00000000e7f00000,0x00000000e897edf0,0x00000000e8980000)
  to   space 10752K, 0% used [0x00000000e8a80000,0x00000000e8a80000,0x00000000e9500000)
 ParOldGen       total 175104K, used 1920K [0x00000000a0000000, 0x00000000aab00000, 0x00000000e0000000)
  object space 175104K, 1% used [0x00000000a0000000,0x00000000a01e01b8,0x00000000aab00000)
 Metaspace       used 20717K, capacity 21078K, committed 21248K, reserved 1067008K
  class space    used 2918K, capacity 3053K, committed 3072K, reserved 1048576K
Event: 6.044 GC heap after
Heap after GC invocations=4 (full 1):
 PSYoungGen      total 140800K, used 0K [0x00000000e0000000, 0x00000000e9500000, 0x0000000100000000)
  eden space 130048K, 0% used [0x00000000e0000000,0x00000000e0000000,0x00000000e7f00000)
  from space 10752K, 0% used [0x00000000e7f00000,0x00000000e7f00000,0x00000000e8980000)
  to   space 10752K, 0% used [0x00000000e8a80000,0x00000000e8a80000,0x00000000e9500000)
 ParOldGen       total 96768K, used 12128K [0x00000000a0000000, 0x00000000a5e80000, 0x00000000e0000000)
  object space 96768K, 12% used [0x00000000a0000000,0x00000000a0bd8378,0x00000000a5e80000)
 Metaspace       used 20717K, capacity 21078K, committed 21248K, reserved 1067008K
  class space    used 2918K, capacity 3053K, committed 3072K, reserved 1048576K
}
Event: 7.049 GC heap before
{Heap before GC invocations=5 (full 1):
 PSYoungGen      total 140800K, used 130048K [0x00000000e0000000, 0x00000000e9500000, 0x0000000100000000)
  eden space 130048K, 100% used [0x00000000e0000000,0x00000000e7f00000,0x00000000e7f00000)
  from space 10752K, 0% used [0x00000000e7f00000,0x00000000e7f00000,0x00000000e8980000)
  to   space 10752K, 0% used [0x00000000e8a80000,0x00000000e8a80000,0x00000000e9500000)
 ParOldGen       total 96768K, used 12128K [0x00000000a0000000, 0x00000000a5e80000, 0x00000000e0000000)
  object space 96768K, 12% used [0x00000000a0000000,0x00000000a0bd8378,0x00000000a5e80000)
 Metaspace       used 31163K, capacity 31696K, committed 32128K, reserved 1077248K
  class space    used 4262K, capacity 4391K, committed 4480K, reserved 1048576K
Event: 7.055 GC heap after
Heap after GC invocations=5 (full 1):
 PSYoungGen      total 141824K, used 10741K [0x00000000e0000000, 0x00000000ef000000, 0x0000000100000000)
  eden space 131072K, 0% used [0x00000000e0000000,0x00000000e0000000,0x00000000e8000000)
  from space 10752K, 99% used [0x00000000e8a80000,0x00000000e94fd530,0x00000000e9500000)
  to   space 10752K, 0% used [0x00000000e8000000,0x00000000e8000000,0x00000000e8a80000)
 ParOldGen       total 96768K, used 14209K [0x00000000a0000000, 0x00000000a5e80000, 0x00000000e0000000)
  object space 96768K, 14% used [0x00000000a0000000,0x00000000a0de0598,0x00000000a5e80000)
 Metaspace       used 31163K, capacity 31696K, committed 32128K, reserved 1077248K
  class space    used 4262K, capacity 4391K, committed 4480K, reserved 1048576K
}
Event: 7.634 GC heap before
{Heap before GC invocations=6 (full 1):
 PSYoungGen      total 141824K, used 80734K [0x00000000e0000000, 0x00000000ef000000, 0x0000000100000000)
  eden space 131072K, 53% used [0x00000000e0000000,0x00000000e445a5b8,0x00000000e8000000)
  from space 10752K, 99% used [0x00000000e8a80000,0x00000000e94fd530,0x00000000e9500000)
  to   space 10752K, 0% used [0x00000000e8000000,0x00000000e8000000,0x00000000e8a80000)
 ParOldGen       total 96768K, used 14209K [0x00000000a0000000, 0x00000000a5e80000, 0x00000000e0000000)
  object space 96768K, 14% used [0x00000000a0000000,0x00000000a0de0598,0x00000000a5e80000)
 Metaspace       used 34464K, capacity 35384K, committed 35416K, reserved 1079296K
  class space    used 4718K, capacity 4968K, committed 4992K, reserved 1048576K
Event: 7.639 GC heap after
Heap after GC invocations=6 (full 1):
 PSYoungGen      total 141824K, used 10749K [0x00000000e0000000, 0x00000000efa80000, 0x0000000100000000)
  eden space 131072K, 0% used [0x00000000e0000000,0x00000000e0000000,0x00000000e8000000)
  from space 10752K, 99% used [0x00000000e8000000,0x00000000e8a7f678,0x00000000e8a80000)
  to   space 15872K, 0% used [0x00000000eeb00000,0x00000000eeb00000,0x00000000efa80000)
 ParOldGen       total 96768K, used 14565K [0x00000000a0000000, 0x00000000a5e80000, 0x00000000e0000000)
  object space 96768K, 15% used [0x00000000a0000000,0x00000000a0e39500,0x00000000a5e80000)
 Metaspace       used 34464K, capacity 35384K, committed 35416K, reserved 1079296K
  class space    used 4718K, capacity 4968K, committed 4992K, reserved 1048576K
}
Event: 7.639 GC heap before
{Heap before GC invocations=7 (full 2):
 PSYoungGen      total 141824K, used 10749K [0x00000000e0000000, 0x00000000efa80000, 0x0000000100000000)
  eden space 131072K, 0% used [0x00000000e0000000,0x00000000e0000000,0x00000000e8000000)
  from space 10752K, 99% used [0x00000000e8000000,0x00000000e8a7f678,0x00000000e8a80000)
  to   space 15872K, 0% used [0x00000000eeb00000,0x00000000eeb00000,0x00000000efa80000)
 ParOldGen       total 96768K, used 14565K [0x00000000a0000000, 0x00000000a5e80000, 0x00000000e0000000)
  object space 96768K, 15% used [0x00000000a0000000,0x00000000a0e39500,0x00000000a5e80000)
 Metaspace       used 34464K, capacity 35384K, committed 35416K, reserved 1079296K
  class space    used 4718K, capacity 4968K, committed 4992K, reserved 1048576K
Event: 7.684 GC heap after
Heap after GC invocations=7 (full 2):
 PSYoungGen      total 141824K, used 0K [0x00000000e0000000, 0x00000000efa80000, 0x0000000100000000)
  eden space 131072K, 0% used [0x00000000e0000000,0x00000000e0000000,0x00000000e8000000)
  from space 10752K, 0% used [0x00000000e8000000,0x00000000e8000000,0x00000000e8a80000)
  to   space 15872K, 0% used [0x00000000eeb00000,0x00000000eeb00000,0x00000000efa80000)
 ParOldGen       total 155648K, used 17683K [0x00000000a0000000, 0x00000000a9800000, 0x00000000e0000000)
  object space 155648K, 11% used [0x00000000a0000000,0x00000000a1144fb8,0x00000000a9800000)
 Metaspace       used 34427K, capacity 35264K, committed 35416K, reserved 1079296K
  class space    used 4707K, capacity 4948K, committed 4992K, reserved 1048576K
}

