# JRE version: OpenJDK Runtime Environment (8.0_242-b01) (build 1.8.0_242-release-1644-b01)
# Java VM: OpenJDK 64-Bit Server VM (25.242-b01 mixed mode windows-amd64 compressed oops)
Heap:
 PSYoungGen      total 177664K, used 172166K [0x00000000e0000000, 0x00000000f0900000, 0x0000000100000000)
  eden space 133632K, 95% used [0x00000000e0000000,0x00000000e7d25588,0x00000000e8280000)
  from space 44032K, 99% used [0x00000000ebe80000,0x00000000ee97c5f8,0x00000000ee980000)
  to   space 61440K, 0% used [0x00000000e8280000,0x00000000e8280000,0x00000000ebe80000)
 ParOldGen       total 288768K, used 88043K [0x00000000a0000000, 0x00000000b1a00000, 0x00000000e0000000)
  object space 288768K, 30% used [0x00000000a0000000,0x00000000a55fae18,0x00000000b1a00000)
 Metaspace       used 76811K, capacity 81976K, committed 82136K, reserved 1120256K
  class space    used 10208K, capacity 11197K, committed 11264K, reserved 1048576K
GC Heap History (10 events):
Event: 2114.115 GC heap before
{Heap before GC invocations=17 (full 3):
 PSYoungGen      total 192000K, used 182253K [0x00000000e0000000, 0x00000000eee80000, 0x0000000100000000)
  eden space 162816K, 99% used [0x00000000e0000000,0x00000000e9e1c538,0x00000000e9f00000)
  from space 29184K, 69% used [0x00000000e9f00000,0x00000000eb2defe8,0x00000000ebb80000)
  to   space 29696K, 0% used [0x00000000ed180000,0x00000000ed180000,0x00000000eee80000)
 ParOldGen       total 288768K, used 44415K [0x00000000a0000000, 0x00000000b1a00000, 0x00000000e0000000)
  object space 288768K, 15% used [0x00000000a0000000,0x00000000a2b5fcb0,0x00000000b1a00000)
 Metaspace       used 74581K, capacity 78616K, committed 78680K, reserved 1118208K
  class space    used 10029K, capacity 10876K, committed 10880K, reserved 1048576K
Event: 2114.129 GC heap after
Heap after GC invocations=17 (full 3):
 PSYoungGen      total 189440K, used 29675K [0x00000000e0000000, 0x00000000eee80000, 0x0000000100000000)
  eden space 159744K, 0% used [0x00000000e0000000,0x00000000e0000000,0x00000000e9c00000)
  from space 29696K, 99% used [0x00000000ed180000,0x00000000eee7af78,0x00000000eee80000)
  to   space 38912K, 0% used [0x00000000ea280000,0x00000000ea280000,0x00000000ec880000)
 ParOldGen       total 288768K, used 57951K [0x00000000a0000000, 0x00000000b1a00000, 0x00000000e0000000)
  object space 288768K, 20% used [0x00000000a0000000,0x00000000a3897c80,0x00000000b1a00000)
 Metaspace       used 74581K, capacity 78616K, committed 78680K, reserved 1118208K
  class space    used 10029K, capacity 10876K, committed 10880K, reserved 1048576K
}
Event: 2513.711 GC heap before
{Heap before GC invocations=18 (full 3):
 PSYoungGen      total 189440K, used 189419K [0x00000000e0000000, 0x00000000eee80000, 0x0000000100000000)
  eden space 159744K, 100% used [0x00000000e0000000,0x00000000e9c00000,0x00000000e9c00000)
  from space 29696K, 99% used [0x00000000ed180000,0x00000000eee7af78,0x00000000eee80000)
  to   space 38912K, 0% used [0x00000000ea280000,0x00000000ea280000,0x00000000ec880000)
 ParOldGen       total 288768K, used 57951K [0x00000000a0000000, 0x00000000b1a00000, 0x00000000e0000000)
  object space 288768K, 20% used [0x00000000a0000000,0x00000000a3897c80,0x00000000b1a00000)
 Metaspace       used 75013K, capacity 79290K, committed 79576K, reserved 1118208K
  class space    used 10058K, capacity 10923K, committed 11008K, reserved 1048576K
Event: 2513.723 GC heap after
Heap after GC invocations=18 (full 3):
 PSYoungGen      total 186880K, used 29903K [0x00000000e0000000, 0x00000000ee900000, 0x0000000100000000)
  eden space 156672K, 0% used [0x00000000e0000000,0x00000000e0000000,0x00000000e9900000)
  from space 30208K, 98% used [0x00000000ea280000,0x00000000ebfb3dd0,0x00000000ec000000)
  to   space 40960K, 0% used [0x00000000ec100000,0x00000000ec100000,0x00000000ee900000)
 ParOldGen       total 288768K, used 57959K [0x00000000a0000000, 0x00000000b1a00000, 0x00000000e0000000)
  object space 288768K, 20% used [0x00000000a0000000,0x00000000a3899c80,0x00000000b1a00000)
 Metaspace       used 75013K, capacity 79290K, committed 79576K, reserved 1118208K
  class space    used 10058K, capacity 10923K, committed 11008K, reserved 1048576K
}
Event: 3898.905 GC heap before
{Heap before GC invocations=19 (full 3):
 PSYoungGen      total 186880K, used 186575K [0x00000000e0000000, 0x00000000ee900000, 0x0000000100000000)
  eden space 156672K, 100% used [0x00000000e0000000,0x00000000e9900000,0x00000000e9900000)
  from space 30208K, 98% used [0x00000000ea280000,0x00000000ebfb3dd0,0x00000000ec000000)
  to   space 40960K, 0% used [0x00000000ec100000,0x00000000ec100000,0x00000000ee900000)
 ParOldGen       total 288768K, used 57959K [0x00000000a0000000, 0x00000000b1a00000, 0x00000000e0000000)
  object space 288768K, 20% used [0x00000000a0000000,0x00000000a3899c80,0x00000000b1a00000)
 Metaspace       used 75689K, capacity 80250K, committed 80472K, reserved 1118208K
  class space    used 10115K, capacity 11029K, committed 11136K, reserved 1048576K
Event: 3898.919 GC heap after
Heap after GC invocations=19 (full 3):
 PSYoungGen      total 194560K, used 33423K [0x00000000e0000000, 0x00000000eec80000, 0x0000000100000000)
  eden space 153600K, 0% used [0x00000000e0000000,0x00000000e0000000,0x00000000e9600000)
  from space 40960K, 81% used [0x00000000ec100000,0x00000000ee1a3dd0,0x00000000ee900000)
  to   space 44032K, 0% used [0x00000000e9600000,0x00000000e9600000,0x00000000ec100000)
 ParOldGen       total 288768K, used 57967K [0x00000000a0000000, 0x00000000b1a00000, 0x00000000e0000000)
  object space 288768K, 20% used [0x00000000a0000000,0x00000000a389bc80,0x00000000b1a00000)
 Metaspace       used 75689K, capacity 80250K, committed 80472K, reserved 1118208K
  class space    used 10115K, capacity 11029K, committed 11136K, reserved 1048576K
}
Event: 5452.874 GC heap before
{Heap before GC invocations=20 (full 3):
 PSYoungGen      total 194560K, used 187023K [0x00000000e0000000, 0x00000000eec80000, 0x0000000100000000)
  eden space 153600K, 100% used [0x00000000e0000000,0x00000000e9600000,0x00000000e9600000)
  from space 40960K, 81% used [0x00000000ec100000,0x00000000ee1a3dd0,0x00000000ee900000)
  to   space 44032K, 0% used [0x00000000e9600000,0x00000000e9600000,0x00000000ec100000)
 ParOldGen       total 288768K, used 57967K [0x00000000a0000000, 0x00000000b1a00000, 0x00000000e0000000)
  object space 288768K, 20% used [0x00000000a0000000,0x00000000a389bc80,0x00000000b1a00000)
 Metaspace       used 76396K, capacity 81382K, committed 81624K, reserved 1120256K
  class space    used 10184K, capacity 11153K, committed 11264K, reserved 1048576K
Event: 5452.887 GC heap after
Heap after GC invocations=20 (full 3):
 PSYoungGen      total 178176K, used 27103K [0x00000000e0000000, 0x00000000ee980000, 0x0000000100000000)
  eden space 151040K, 0% used [0x00000000e0000000,0x00000000e0000000,0x00000000e9380000)
  from space 27136K, 99% used [0x00000000e9600000,0x00000000eb077dc0,0x00000000eb080000)
  to   space 44032K, 0% used [0x00000000ebe80000,0x00000000ebe80000,0x00000000ee980000)
 ParOldGen       total 288768K, used 57975K [0x00000000a0000000, 0x00000000b1a00000, 0x00000000e0000000)
  object space 288768K, 20% used [0x00000000a0000000,0x00000000a389dc80,0x00000000b1a00000)
 Metaspace       used 76396K, capacity 81382K, committed 81624K, reserved 1120256K
  class space    used 10184K, capacity 11153K, committed 11264K, reserved 1048576K
}
Event: 5460.356 GC heap before
{Heap before GC invocations=21 (full 3):
 PSYoungGen      total 178176K, used 178031K [0x00000000e0000000, 0x00000000ee980000, 0x0000000100000000)
  eden space 151040K, 99% used [0x00000000e0000000,0x00000000e93641a0,0x00000000e9380000)
  from space 27136K, 99% used [0x00000000e9600000,0x00000000eb077dc0,0x00000000eb080000)
  to   space 44032K, 0% used [0x00000000ebe80000,0x00000000ebe80000,0x00000000ee980000)
 ParOldGen       total 288768K, used 57975K [0x00000000a0000000, 0x00000000b1a00000, 0x00000000e0000000)
  object space 288768K, 20% used [0x00000000a0000000,0x00000000a389dc80,0x00000000b1a00000)
 Metaspace       used 76660K, capacity 81880K, committed 82136K, reserved 1120256K
  class space    used 10206K, capacity 11193K, committed 11264K, reserved 1048576K
Event: 5460.372 GC heap after
Heap after GC invocations=21 (full 3):
 PSYoungGen      total 177664K, used 44017K [0x00000000e0000000, 0x00000000f0900000, 0x0000000100000000)
  eden space 133632K, 0% used [0x00000000e0000000,0x00000000e0000000,0x00000000e8280000)
  from space 44032K, 99% used [0x00000000ebe80000,0x00000000ee97c5f8,0x00000000ee980000)
  to   space 61440K, 0% used [0x00000000e8280000,0x00000000e8280000,0x00000000ebe80000)
 ParOldGen       total 288768K, used 88043K [0x00000000a0000000, 0x00000000b1a00000, 0x00000000e0000000)
  object space 288768K, 30% used [0x00000000a0000000,0x00000000a55fae18,0x00000000b1a00000)
 Metaspace       used 76660K, capacity 81880K, committed 82136K, reserved 1120256K
  class space    used 10206K, capacity 11193K, committed 11264K, reserved 1048576K
}

