# JRE version: OpenJDK Runtime Environment (8.0_242-b01) (build 1.8.0_242-release-1644-b01)
# Java VM: OpenJDK 64-Bit Server VM (25.242-b01 mixed mode windows-amd64 compressed oops)
Heap:
 PSYoungGen      total 226816K, used 45099K [0x00000000e0000000, 0x00000000f2f80000, 0x0000000100000000)
  eden space 187392K, 3% used [0x00000000e0000000,0x00000000e05e4588,0x00000000eb700000)
  from space 39424K, 99% used [0x00000000f0900000,0x00000000f2f26870,0x00000000f2f80000)
  to   space 57856K, 0% used [0x00000000ebe80000,0x00000000ebe80000,0x00000000ef700000)
 ParOldGen       total 283136K, used 155685K [0x00000000a0000000, 0x00000000b1480000, 0x00000000e0000000)
  object space 283136K, 54% used [0x00000000a0000000,0x00000000a98095e8,0x00000000b1480000)
 Metaspace       used 74954K, capacity 79184K, committed 79400K, reserved 1118208K
  class space    used 10057K, capacity 10922K, committed 11048K, reserved 1048576K
GC Heap History (10 events):
Event: 24.442 GC heap before
{Heap before GC invocations=15 (full 3):
 PSYoungGen      total 173568K, used 164462K [0x00000000e0000000, 0x00000000edc80000, 0x0000000100000000)
  eden space 150016K, 98% used [0x00000000e0000000,0x00000000e90b3a60,0x00000000e9280000)
  from space 23552K, 69% used [0x00000000e9280000,0x00000000ea268170,0x00000000ea980000)
  to   space 24064K, 0% used [0x00000000ec500000,0x00000000ec500000,0x00000000edc80000)
 ParOldGen       total 283136K, used 38270K [0x00000000a0000000, 0x00000000b1480000, 0x00000000e0000000)
  object space 283136K, 13% used [0x00000000a0000000,0x00000000a255fa00,0x00000000b1480000)
 Metaspace       used 69700K, capacity 73560K, committed 73768K, reserved 1112064K
  class space    used 9673K, capacity 10504K, committed 10536K, reserved 1048576K
Event: 24.456 GC heap after
Heap after GC invocations=15 (full 3):
 PSYoungGen      total 189952K, used 24033K [0x00000000e0000000, 0x00000000eef00000, 0x0000000100000000)
  eden space 165888K, 0% used [0x00000000e0000000,0x00000000e0000000,0x00000000ea200000)
  from space 24064K, 99% used [0x00000000ec500000,0x00000000edc78500,0x00000000edc80000)
  to   space 35840K, 0% used [0x00000000ea200000,0x00000000ea200000,0x00000000ec500000)
 ParOldGen       total 283136K, used 61818K [0x00000000a0000000, 0x00000000b1480000, 0x00000000e0000000)
  object space 283136K, 21% used [0x00000000a0000000,0x00000000a3c5e940,0x00000000b1480000)
 Metaspace       used 69700K, capacity 73560K, committed 73768K, reserved 1112064K
  class space    used 9673K, capacity 10504K, committed 10536K, reserved 1048576K
}
Event: 25.189 GC heap before
{Heap before GC invocations=16 (full 3):
 PSYoungGen      total 189952K, used 189921K [0x00000000e0000000, 0x00000000eef00000, 0x0000000100000000)
  eden space 165888K, 100% used [0x00000000e0000000,0x00000000ea200000,0x00000000ea200000)
  from space 24064K, 99% used [0x00000000ec500000,0x00000000edc78500,0x00000000edc80000)
  to   space 35840K, 0% used [0x00000000ea200000,0x00000000ea200000,0x00000000ec500000)
 ParOldGen       total 283136K, used 61818K [0x00000000a0000000, 0x00000000b1480000, 0x00000000e0000000)
  object space 283136K, 21% used [0x00000000a0000000,0x00000000a3c5e940,0x00000000b1480000)
 Metaspace       used 69909K, capacity 73844K, committed 74152K, reserved 1112064K
  class space    used 9715K, capacity 10550K, committed 10664K, reserved 1048576K
Event: 25.207 GC heap after
Heap after GC invocations=16 (full 3):
 PSYoungGen      total 201728K, used 33493K [0x00000000e0000000, 0x00000000f0e80000, 0x0000000100000000)
  eden space 165888K, 0% used [0x00000000e0000000,0x00000000e0000000,0x00000000ea200000)
  from space 35840K, 93% used [0x00000000ea200000,0x00000000ec2b5518,0x00000000ec500000)
  to   space 39936K, 0% used [0x00000000ee780000,0x00000000ee780000,0x00000000f0e80000)
 ParOldGen       total 283136K, used 131481K [0x00000000a0000000, 0x00000000b1480000, 0x00000000e0000000)
  object space 283136K, 46% used [0x00000000a0000000,0x00000000a80664f8,0x00000000b1480000)
 Metaspace       used 69909K, capacity 73844K, committed 74152K, reserved 1112064K
  class space    used 9715K, capacity 10550K, committed 10664K, reserved 1048576K
}
Event: 206.614 GC heap before
{Heap before GC invocations=17 (full 3):
 PSYoungGen      total 201728K, used 199381K [0x00000000e0000000, 0x00000000f0e80000, 0x0000000100000000)
  eden space 165888K, 100% used [0x00000000e0000000,0x00000000ea200000,0x00000000ea200000)
  from space 35840K, 93% used [0x00000000ea200000,0x00000000ec2b5518,0x00000000ec500000)
  to   space 39936K, 0% used [0x00000000ee780000,0x00000000ee780000,0x00000000f0e80000)
 ParOldGen       total 283136K, used 131481K [0x00000000a0000000, 0x00000000b1480000, 0x00000000e0000000)
  object space 283136K, 46% used [0x00000000a0000000,0x00000000a80664f8,0x00000000b1480000)
 Metaspace       used 73642K, capacity 77634K, committed 77992K, reserved 1116160K
  class space    used 10008K, capacity 10839K, committed 10920K, reserved 1048576K
Event: 206.625 GC heap after
Heap after GC invocations=17 (full 3):
 PSYoungGen      total 226816K, used 25279K [0x00000000e0000000, 0x00000000f0a00000, 0x0000000100000000)
  eden space 191488K, 0% used [0x00000000e0000000,0x00000000e0000000,0x00000000ebb00000)
  from space 35328K, 71% used [0x00000000ee780000,0x00000000f002ff78,0x00000000f0a00000)
  to   space 40448K, 0% used [0x00000000ebb00000,0x00000000ebb00000,0x00000000ee280000)
 ParOldGen       total 283136K, used 131489K [0x00000000a0000000, 0x00000000b1480000, 0x00000000e0000000)
  object space 283136K, 46% used [0x00000000a0000000,0x00000000a80684f8,0x00000000b1480000)
 Metaspace       used 73642K, capacity 77634K, committed 77992K, reserved 1116160K
  class space    used 10008K, capacity 10839K, committed 10920K, reserved 1048576K
}
Event: 220.365 GC heap before
{Heap before GC invocations=18 (full 3):
 PSYoungGen      total 226816K, used 215913K [0x00000000e0000000, 0x00000000f0a00000, 0x0000000100000000)
  eden space 191488K, 99% used [0x00000000e0000000,0x00000000eba2a530,0x00000000ebb00000)
  from space 35328K, 71% used [0x00000000ee780000,0x00000000f002ff78,0x00000000f0a00000)
  to   space 40448K, 0% used [0x00000000ebb00000,0x00000000ebb00000,0x00000000ee280000)
 ParOldGen       total 283136K, used 131489K [0x00000000a0000000, 0x00000000b1480000, 0x00000000e0000000)
  object space 283136K, 46% used [0x00000000a0000000,0x00000000a80684f8,0x00000000b1480000)
 Metaspace       used 74374K, capacity 78510K, committed 78760K, reserved 1118208K
  class space    used 10029K, capacity 10877K, committed 10920K, reserved 1048576K
Event: 220.380 GC heap after
Heap after GC invocations=18 (full 3):
 PSYoungGen      total 231936K, used 40446K [0x00000000e0000000, 0x00000000f3f00000, 0x0000000100000000)
  eden space 191488K, 0% used [0x00000000e0000000,0x00000000e0000000,0x00000000ebb00000)
  from space 40448K, 99% used [0x00000000ebb00000,0x00000000ee27f9f8,0x00000000ee280000)
  to   space 55296K, 0% used [0x00000000f0900000,0x00000000f0900000,0x00000000f3f00000)
 ParOldGen       total 283136K, used 155677K [0x00000000a0000000, 0x00000000b1480000, 0x00000000e0000000)
  object space 283136K, 54% used [0x00000000a0000000,0x00000000a98075e8,0x00000000b1480000)
 Metaspace       used 74374K, capacity 78510K, committed 78760K, reserved 1118208K
  class space    used 10029K, capacity 10877K, committed 10920K, reserved 1048576K
}
Event: 661.279 GC heap before
{Heap before GC invocations=19 (full 3):
 PSYoungGen      total 231936K, used 231934K [0x00000000e0000000, 0x00000000f3f00000, 0x0000000100000000)
  eden space 191488K, 100% used [0x00000000e0000000,0x00000000ebb00000,0x00000000ebb00000)
  from space 40448K, 99% used [0x00000000ebb00000,0x00000000ee27f9f8,0x00000000ee280000)
  to   space 55296K, 0% used [0x00000000f0900000,0x00000000f0900000,0x00000000f3f00000)
 ParOldGen       total 283136K, used 155677K [0x00000000a0000000, 0x00000000b1480000, 0x00000000e0000000)
  object space 283136K, 54% used [0x00000000a0000000,0x00000000a98075e8,0x00000000b1480000)
 Metaspace       used 74935K, capacity 79184K, committed 79400K, reserved 1118208K
  class space    used 10057K, capacity 10922K, committed 11048K, reserved 1048576K
Event: 661.296 GC heap after
Heap after GC invocations=19 (full 3):
 PSYoungGen      total 226816K, used 39066K [0x00000000e0000000, 0x00000000f2f80000, 0x0000000100000000)
  eden space 187392K, 0% used [0x00000000e0000000,0x00000000e0000000,0x00000000eb700000)
  from space 39424K, 99% used [0x00000000f0900000,0x00000000f2f26870,0x00000000f2f80000)
  to   space 57856K, 0% used [0x00000000ebe80000,0x00000000ebe80000,0x00000000ef700000)
 ParOldGen       total 283136K, used 155685K [0x00000000a0000000, 0x00000000b1480000, 0x00000000e0000000)
  object space 283136K, 54% used [0x00000000a0000000,0x00000000a98095e8,0x00000000b1480000)
 Metaspace       used 74935K, capacity 79184K, committed 79400K, reserved 1118208K
  class space    used 10057K, capacity 10922K, committed 11048K, reserved 1048576K
}

