# JRE version: OpenJDK Runtime Environment (8.0_242-b01) (build 1.8.0_242-release-1644-b01)
# Java VM: OpenJDK 64-Bit Server VM (25.242-b01 mixed mode windows-amd64 compressed oops)
Heap:
 PSYoungGen      total 76288K, used 4587K [0x000000076b000000, 0x0000000770500000, 0x00000007c0000000)
  eden space 65536K, 7% used [0x000000076b000000,0x000000076b47aee8,0x000000076f000000)
  from space 10752K, 0% used [0x000000076fa80000,0x000000076fa80000,0x0000000770500000)
  to   space 10752K, 0% used [0x000000076f000000,0x000000076f000000,0x000000076fa80000)
 ParOldGen       total 120832K, used 3622K [0x00000006c1000000, 0x00000006c8600000, 0x000000076b000000)
  object space 120832K, 2% used [0x00000006c1000000,0x00000006c1389a78,0x00000006c8600000)
 Metaspace       used 8698K, capacity 8976K, committed 9216K, reserved 1062912K
  class space    used 1129K, capacity 1222K, committed 1280K, reserved 1048576K
GC Heap History (8 events):
Event: 0.257 GC heap before
{Heap before GC invocations=1 (full 0):
 PSYoungGen      total 76288K, used 14426K [0x000000076b000000, 0x0000000770500000, 0x00000007c0000000)
  eden space 65536K, 22% used [0x000000076b000000,0x000000076be168e8,0x000000076f000000)
  from space 10752K, 0% used [0x000000076fa80000,0x000000076fa80000,0x0000000770500000)
  to   space 10752K, 0% used [0x000000076f000000,0x000000076f000000,0x000000076fa80000)
 ParOldGen       total 175104K, used 0K [0x00000006c1000000, 0x00000006cbb00000, 0x000000076b000000)
  object space 175104K, 0% used [0x00000006c1000000,0x00000006c1000000,0x00000006cbb00000)
 Metaspace       used 5228K, capacity 5484K, committed 5632K, reserved 1060864K
  class space    used 602K, capacity 676K, committed 768K, reserved 1048576K
Event: 0.258 GC heap after
Heap after GC invocations=1 (full 0):
 PSYoungGen      total 76288K, used 2114K [0x000000076b000000, 0x0000000770500000, 0x00000007c0000000)
  eden space 65536K, 0% used [0x000000076b000000,0x000000076b000000,0x000000076f000000)
  from space 10752K, 19% used [0x000000076f000000,0x000000076f210898,0x000000076fa80000)
  to   space 10752K, 0% used [0x000000076fa80000,0x000000076fa80000,0x0000000770500000)
 ParOldGen       total 175104K, used 8K [0x00000006c1000000, 0x00000006cbb00000, 0x000000076b000000)
  object space 175104K, 0% used [0x00000006c1000000,0x00000006c1002000,0x00000006cbb00000)
 Metaspace       used 5228K, capacity 5484K, committed 5632K, reserved 1060864K
  class space    used 602K, capacity 676K, committed 768K, reserved 1048576K
}
Event: 0.258 GC heap before
{Heap before GC invocations=2 (full 1):
 PSYoungGen      total 76288K, used 2114K [0x000000076b000000, 0x0000000770500000, 0x00000007c0000000)
  eden space 65536K, 0% used [0x000000076b000000,0x000000076b000000,0x000000076f000000)
  from space 10752K, 19% used [0x000000076f000000,0x000000076f210898,0x000000076fa80000)
  to   space 10752K, 0% used [0x000000076fa80000,0x000000076fa80000,0x0000000770500000)
 ParOldGen       total 175104K, used 8K [0x00000006c1000000, 0x00000006cbb00000, 0x000000076b000000)
  object space 175104K, 0% used [0x00000006c1000000,0x00000006c1002000,0x00000006cbb00000)
 Metaspace       used 5228K, capacity 5484K, committed 5632K, reserved 1060864K
  class space    used 602K, capacity 676K, committed 768K, reserved 1048576K
Event: 0.265 GC heap after
Heap after GC invocations=2 (full 1):
 PSYoungGen      total 76288K, used 0K [0x000000076b000000, 0x0000000770500000, 0x00000007c0000000)
  eden space 65536K, 0% used [0x000000076b000000,0x000000076b000000,0x000000076f000000)
  from space 10752K, 0% used [0x000000076f000000,0x000000076f000000,0x000000076fa80000)
  to   space 10752K, 0% used [0x000000076fa80000,0x000000076fa80000,0x0000000770500000)
 ParOldGen       total 120832K, used 1896K [0x00000006c1000000, 0x00000006c8600000, 0x000000076b000000)
  object space 120832K, 1% used [0x00000006c1000000,0x00000006c11da118,0x00000006c8600000)
 Metaspace       used 5228K, capacity 5484K, committed 5632K, reserved 1058816K
  class space    used 602K, capacity 676K, committed 768K, reserved 1048576K
}
Event: 0.427 GC heap before
{Heap before GC invocations=3 (full 1):
 PSYoungGen      total 76288K, used 19006K [0x000000076b000000, 0x0000000770500000, 0x00000007c0000000)
  eden space 65536K, 29% used [0x000000076b000000,0x000000076c28f818,0x000000076f000000)
  from space 10752K, 0% used [0x000000076f000000,0x000000076f000000,0x000000076fa80000)
  to   space 10752K, 0% used [0x000000076fa80000,0x000000076fa80000,0x0000000770500000)
 ParOldGen       total 120832K, used 1896K [0x00000006c1000000, 0x00000006c8600000, 0x000000076b000000)
  object space 120832K, 1% used [0x00000006c1000000,0x00000006c11da118,0x00000006c8600000)
 Metaspace       used 8432K, capacity 8666K, committed 8832K, reserved 1064960K
  class space    used 1084K, capacity 1147K, committed 1152K, reserved 1048576K
Event: 0.429 GC heap after
Heap after GC invocations=3 (full 1):
 PSYoungGen      total 76288K, used 2699K [0x000000076b000000, 0x0000000770500000, 0x00000007c0000000)
  eden space 65536K, 0% used [0x000000076b000000,0x000000076b000000,0x000000076f000000)
  from space 10752K, 25% used [0x000000076fa80000,0x000000076fd22d90,0x0000000770500000)
  to   space 10752K, 0% used [0x000000076f000000,0x000000076f000000,0x000000076fa80000)
 ParOldGen       total 120832K, used 1904K [0x00000006c1000000, 0x00000006c8600000, 0x000000076b000000)
  object space 120832K, 1% used [0x00000006c1000000,0x00000006c11dc118,0x00000006c8600000)
 Metaspace       used 8432K, capacity 8666K, committed 8832K, reserved 1064960K
  class space    used 1084K, capacity 1147K, committed 1152K, reserved 1048576K
}
Event: 0.429 GC heap before
{Heap before GC invocations=4 (full 2):
 PSYoungGen      total 76288K, used 2699K [0x000000076b000000, 0x0000000770500000, 0x00000007c0000000)
  eden space 65536K, 0% used [0x000000076b000000,0x000000076b000000,0x000000076f000000)
  from space 10752K, 25% used [0x000000076fa80000,0x000000076fd22d90,0x0000000770500000)
  to   space 10752K, 0% used [0x000000076f000000,0x000000076f000000,0x000000076fa80000)
 ParOldGen       total 120832K, used 1904K [0x00000006c1000000, 0x00000006c8600000, 0x000000076b000000)
  object space 120832K, 1% used [0x00000006c1000000,0x00000006c11dc118,0x00000006c8600000)
 Metaspace       used 8432K, capacity 8666K, committed 8832K, reserved 1064960K
  class space    used 1084K, capacity 1147K, committed 1152K, reserved 1048576K
Event: 0.438 GC heap after
Heap after GC invocations=4 (full 2):
 PSYoungGen      total 76288K, used 0K [0x000000076b000000, 0x0000000770500000, 0x00000007c0000000)
  eden space 65536K, 0% used [0x000000076b000000,0x000000076b000000,0x000000076f000000)
  from space 10752K, 0% used [0x000000076fa80000,0x000000076fa80000,0x0000000770500000)
  to   space 10752K, 0% used [0x000000076f000000,0x000000076f000000,0x000000076fa80000)
 ParOldGen       total 120832K, used 3622K [0x00000006c1000000, 0x00000006c8600000, 0x000000076b000000)
  object space 120832K, 2% used [0x00000006c1000000,0x00000006c1389a78,0x00000006c8600000)
 Metaspace       used 8432K, capacity 8666K, committed 8832K, reserved 1062912K
  class space    used 1084K, capacity 1147K, committed 1152K, reserved 1048576K
}

