# JRE version: OpenJDK Runtime Environment (8.0_242-b01) (build 1.8.0_242-release-1644-b01)
# Java VM: OpenJDK 64-Bit Server VM (25.242-b01 mixed mode windows-amd64 compressed oops)
Heap:
 PSYoungGen      total 219648K, used 126206K [0x00000000e0000000, 0x00000000eff00000, 0x0000000100000000)
  eden space 188416K, 59% used [0x00000000e0000000,0x00000000e6e1ca00,0x00000000eb800000)
  from space 31232K, 43% used [0x00000000ee080000,0x00000000eeda2fd0,0x00000000eff00000)
  to   space 36352K, 0% used [0x00000000eb800000,0x00000000eb800000,0x00000000edb80000)
 ParOldGen       total 267776K, used 87604K [0x00000000a0000000, 0x00000000b0580000, 0x00000000e0000000)
  object space 267776K, 32% used [0x00000000a0000000,0x00000000a558d248,0x00000000b0580000)
 Metaspace       used 75576K, capacity 80386K, committed 80660K, reserved 1118208K
  class space    used 10042K, capacity 10973K, committed 11068K, reserved 1048576K
GC Heap History (10 events):
Event: 20.907 GC heap before
{Heap before GC invocations=15 (full 3):
 PSYoungGen      total 173056K, used 156342K [0x00000000e0000000, 0x00000000ede80000, 0x0000000100000000)
  eden space 150016K, 95% used [0x00000000e0000000,0x00000000e8c82290,0x00000000e9280000)
  from space 23040K, 54% used [0x00000000e9280000,0x00000000e9eab7a0,0x00000000ea900000)
  to   space 22016K, 0% used [0x00000000ec900000,0x00000000ec900000,0x00000000ede80000)
 ParOldGen       total 267776K, used 35305K [0x00000000a0000000, 0x00000000b0580000, 0x00000000e0000000)
  object space 267776K, 13% used [0x00000000a0000000,0x00000000a227a778,0x00000000b0580000)
 Metaspace       used 68422K, capacity 72118K, committed 72212K, reserved 1112064K
  class space    used 9509K, capacity 10243K, committed 10300K, reserved 1048576K
Event: 20.922 GC heap after
Heap after GC invocations=15 (full 3):
 PSYoungGen      total 191488K, used 21989K [0x00000000e0000000, 0x00000000efb00000, 0x0000000100000000)
  eden space 169472K, 0% used [0x00000000e0000000,0x00000000e0000000,0x00000000ea580000)
  from space 22016K, 99% used [0x00000000ec900000,0x00000000ede79530,0x00000000ede80000)
  to   space 36352K, 0% used [0x00000000ea580000,0x00000000ea580000,0x00000000ec900000)
 ParOldGen       total 267776K, used 66068K [0x00000000a0000000, 0x00000000b0580000, 0x00000000e0000000)
  object space 267776K, 24% used [0x00000000a0000000,0x00000000a4085218,0x00000000b0580000)
 Metaspace       used 68422K, capacity 72118K, committed 72212K, reserved 1112064K
  class space    used 9509K, capacity 10243K, committed 10300K, reserved 1048576K
}
Event: 599.344 GC heap before
{Heap before GC invocations=16 (full 3):
 PSYoungGen      total 191488K, used 191461K [0x00000000e0000000, 0x00000000efb00000, 0x0000000100000000)
  eden space 169472K, 100% used [0x00000000e0000000,0x00000000ea580000,0x00000000ea580000)
  from space 22016K, 99% used [0x00000000ec900000,0x00000000ede79530,0x00000000ede80000)
  to   space 36352K, 0% used [0x00000000ea580000,0x00000000ea580000,0x00000000ec900000)
 ParOldGen       total 267776K, used 66068K [0x00000000a0000000, 0x00000000b0580000, 0x00000000e0000000)
  object space 267776K, 24% used [0x00000000a0000000,0x00000000a4085218,0x00000000b0580000)
 Metaspace       used 72465K, capacity 76258K, committed 76436K, reserved 1116160K
  class space    used 9855K, capacity 10639K, committed 10684K, reserved 1048576K
Event: 599.352 GC heap after
Heap after GC invocations=16 (full 3):
 PSYoungGen      total 205824K, used 17296K [0x00000000e0000000, 0x00000000f0800000, 0x0000000100000000)
  eden space 169472K, 0% used [0x00000000e0000000,0x00000000e0000000,0x00000000ea580000)
  from space 36352K, 47% used [0x00000000ea580000,0x00000000eb664078,0x00000000ec900000)
  to   space 34304K, 0% used [0x00000000ee680000,0x00000000ee680000,0x00000000f0800000)
 ParOldGen       total 267776K, used 66076K [0x00000000a0000000, 0x00000000b0580000, 0x00000000e0000000)
  object space 267776K, 24% used [0x00000000a0000000,0x00000000a4087218,0x00000000b0580000)
 Metaspace       used 72465K, capacity 76258K, committed 76436K, reserved 1116160K
  class space    used 9855K, capacity 10639K, committed 10684K, reserved 1048576K
}
Event: 611.065 GC heap before
{Heap before GC invocations=17 (full 3):
 PSYoungGen      total 205824K, used 183507K [0x00000000e0000000, 0x00000000f0800000, 0x0000000100000000)
  eden space 169472K, 98% used [0x00000000e0000000,0x00000000ea250da0,0x00000000ea580000)
  from space 36352K, 47% used [0x00000000ea580000,0x00000000eb664078,0x00000000ec900000)
  to   space 34304K, 0% used [0x00000000ee680000,0x00000000ee680000,0x00000000f0800000)
 ParOldGen       total 267776K, used 66076K [0x00000000a0000000, 0x00000000b0580000, 0x00000000e0000000)
  object space 267776K, 24% used [0x00000000a0000000,0x00000000a4087218,0x00000000b0580000)
 Metaspace       used 73136K, capacity 77014K, committed 77204K, reserved 1116160K
  class space    used 9868K, capacity 10661K, committed 10684K, reserved 1048576K
Event: 611.080 GC heap after
Heap after GC invocations=17 (full 3):
 PSYoungGen      total 230912K, used 34091K [0x00000000e0000000, 0x00000000f0c00000, 0x0000000100000000)
  eden space 196608K, 0% used [0x00000000e0000000,0x00000000e0000000,0x00000000ec000000)
  from space 34304K, 99% used [0x00000000ee680000,0x00000000f07cafe0,0x00000000f0800000)
  to   space 38912K, 0% used [0x00000000ec000000,0x00000000ec000000,0x00000000ee600000)
 ParOldGen       total 267776K, used 87588K [0x00000000a0000000, 0x00000000b0580000, 0x00000000e0000000)
  object space 267776K, 32% used [0x00000000a0000000,0x00000000a5589248,0x00000000b0580000)
 Metaspace       used 73136K, capacity 77014K, committed 77204K, reserved 1116160K
  class space    used 9868K, capacity 10661K, committed 10684K, reserved 1048576K
}
Event: 1894.200 GC heap before
{Heap before GC invocations=18 (full 3):
 PSYoungGen      total 230912K, used 230699K [0x00000000e0000000, 0x00000000f0c00000, 0x0000000100000000)
  eden space 196608K, 100% used [0x00000000e0000000,0x00000000ec000000,0x00000000ec000000)
  from space 34304K, 99% used [0x00000000ee680000,0x00000000f07cafe0,0x00000000f0800000)
  to   space 38912K, 0% used [0x00000000ec000000,0x00000000ec000000,0x00000000ee600000)
 ParOldGen       total 267776K, used 87588K [0x00000000a0000000, 0x00000000b0580000, 0x00000000e0000000)
  object space 267776K, 32% used [0x00000000a0000000,0x00000000a5589248,0x00000000b0580000)
 Metaspace       used 74055K, capacity 78104K, committed 78356K, reserved 1116160K
  class space    used 9902K, capacity 10718K, committed 10812K, reserved 1048576K
Event: 1894.209 GC heap after
Heap after GC invocations=18 (full 3):
 PSYoungGen      total 209920K, used 17393K [0x00000000e0000000, 0x00000000f0500000, 0x0000000100000000)
  eden space 192512K, 0% used [0x00000000e0000000,0x00000000e0000000,0x00000000ebc00000)
  from space 17408K, 99% used [0x00000000ec000000,0x00000000ed0fc680,0x00000000ed100000)
  to   space 37376K, 0% used [0x00000000ee080000,0x00000000ee080000,0x00000000f0500000)
 ParOldGen       total 267776K, used 87596K [0x00000000a0000000, 0x00000000b0580000, 0x00000000e0000000)
  object space 267776K, 32% used [0x00000000a0000000,0x00000000a558b248,0x00000000b0580000)
 Metaspace       used 74055K, capacity 78104K, committed 78356K, reserved 1116160K
  class space    used 9902K, capacity 10718K, committed 10812K, reserved 1048576K
}
Event: 2426.267 GC heap before
{Heap before GC invocations=19 (full 3):
 PSYoungGen      total 209920K, used 209905K [0x00000000e0000000, 0x00000000f0500000, 0x0000000100000000)
  eden space 192512K, 100% used [0x00000000e0000000,0x00000000ebc00000,0x00000000ebc00000)
  from space 17408K, 99% used [0x00000000ec000000,0x00000000ed0fc680,0x00000000ed100000)
  to   space 37376K, 0% used [0x00000000ee080000,0x00000000ee080000,0x00000000f0500000)
 ParOldGen       total 267776K, used 87596K [0x00000000a0000000, 0x00000000b0580000, 0x00000000e0000000)
  object space 267776K, 32% used [0x00000000a0000000,0x00000000a558b248,0x00000000b0580000)
 Metaspace       used 75094K, capacity 79524K, committed 79764K, reserved 1118208K
  class space    used 9997K, capacity 10894K, committed 10940K, reserved 1048576K
Event: 2426.274 GC heap after
Heap after GC invocations=19 (full 3):
 PSYoungGen      total 219648K, used 13451K [0x00000000e0000000, 0x00000000eff00000, 0x0000000100000000)
  eden space 188416K, 0% used [0x00000000e0000000,0x00000000e0000000,0x00000000eb800000)
  from space 31232K, 43% used [0x00000000ee080000,0x00000000eeda2fd0,0x00000000eff00000)
  to   space 36352K, 0% used [0x00000000eb800000,0x00000000eb800000,0x00000000edb80000)
 ParOldGen       total 267776K, used 87604K [0x00000000a0000000, 0x00000000b0580000, 0x00000000e0000000)
  object space 267776K, 32% used [0x00000000a0000000,0x00000000a558d248,0x00000000b0580000)
 Metaspace       used 75094K, capacity 79524K, committed 79764K, reserved 1118208K
  class space    used 9997K, capacity 10894K, committed 10940K, reserved 1048576K
}

