# JRE version: OpenJDK Runtime Environment (8.0_242-b01) (build 1.8.0_242-release-1644-b01)
# Java VM: OpenJDK 64-Bit Server VM (25.242-b01 mixed mode windows-amd64 compressed oops)
Heap:
 PSYoungGen      total 292864K, used 156298K [0x00000000e0000000, 0x00000000f6080000, 0x0000000100000000)
  eden space 237056K, 45% used [0x00000000e0000000,0x00000000e691e6d0,0x00000000ee780000)
  from space 55808K, 87% used [0x00000000f2400000,0x00000000f5384180,0x00000000f5a80000)
  to   space 61952K, 0% used [0x00000000ee780000,0x00000000ee780000,0x00000000f2400000)
 ParOldGen       total 278528K, used 122308K [0x00000000a0000000, 0x00000000b1000000, 0x00000000e0000000)
  object space 278528K, 43% used [0x00000000a0000000,0x00000000a7771138,0x00000000b1000000)
 Metaspace       used 85833K, capacity 92532K, committed 92692K, reserved 1128448K
  class space    used 11965K, capacity 13265K, committed 13372K, reserved 1048576K
GC Heap History (10 events):
Event: 25.935 GC heap before
{Heap before GC invocations=15 (full 3):
 PSYoungGen      total 175616K, used 168337K [0x00000000e0000000, 0x00000000ee000000, 0x0000000100000000)
  eden space 152064K, 100% used [0x00000000e0000000,0x00000000e9480000,0x00000000e9480000)
  from space 23552K, 69% used [0x00000000e9480000,0x00000000ea464668,0x00000000eab80000)
  to   space 24064K, 0% used [0x00000000ec880000,0x00000000ec880000,0x00000000ee000000)
 ParOldGen       total 278528K, used 38255K [0x00000000a0000000, 0x00000000b1000000, 0x00000000e0000000)
  object space 278528K, 13% used [0x00000000a0000000,0x00000000a255bf80,0x00000000b1000000)
 Metaspace       used 70960K, capacity 74790K, committed 75028K, reserved 1114112K
  class space    used 9890K, capacity 10708K, committed 10812K, reserved 1048576K
Event: 25.948 GC heap after
Heap after GC invocations=15 (full 3):
 PSYoungGen      total 200192K, used 24046K [0x00000000e0000000, 0x00000000ee100000, 0x0000000100000000)
  eden space 176128K, 0% used [0x00000000e0000000,0x00000000e0000000,0x00000000eac00000)
  from space 24064K, 99% used [0x00000000ec880000,0x00000000edffb970,0x00000000ee000000)
  to   space 27136K, 0% used [0x00000000eac00000,0x00000000eac00000,0x00000000ec680000)
 ParOldGen       total 278528K, used 38570K [0x00000000a0000000, 0x00000000b1000000, 0x00000000e0000000)
  object space 278528K, 13% used [0x00000000a0000000,0x00000000a25aaa30,0x00000000b1000000)
 Metaspace       used 70960K, capacity 74790K, committed 75028K, reserved 1114112K
  class space    used 9890K, capacity 10708K, committed 10812K, reserved 1048576K
}
Event: 27.543 GC heap before
{Heap before GC invocations=16 (full 3):
 PSYoungGen      total 200192K, used 200174K [0x00000000e0000000, 0x00000000ee100000, 0x0000000100000000)
  eden space 176128K, 100% used [0x00000000e0000000,0x00000000eac00000,0x00000000eac00000)
  from space 24064K, 99% used [0x00000000ec880000,0x00000000edffb970,0x00000000ee000000)
  to   space 27136K, 0% used [0x00000000eac00000,0x00000000eac00000,0x00000000ec680000)
 ParOldGen       total 278528K, used 38570K [0x00000000a0000000, 0x00000000b1000000, 0x00000000e0000000)
  object space 278528K, 13% used [0x00000000a0000000,0x00000000a25aaa30,0x00000000b1000000)
 Metaspace       used 78743K, capacity 83838K, committed 83988K, reserved 1120256K
  class space    used 11157K, capacity 12258K, committed 12348K, reserved 1048576K
Event: 27.562 GC heap after
Heap after GC invocations=16 (full 3):
 PSYoungGen      total 203264K, used 27130K [0x00000000e0000000, 0x00000000f0800000, 0x0000000100000000)
  eden space 176128K, 0% used [0x00000000e0000000,0x00000000e0000000,0x00000000eac00000)
  from space 27136K, 99% used [0x00000000eac00000,0x00000000ec67eb68,0x00000000ec680000)
  to   space 32768K, 0% used [0x00000000ee800000,0x00000000ee800000,0x00000000f0800000)
 ParOldGen       total 278528K, used 45030K [0x00000000a0000000, 0x00000000b1000000, 0x00000000e0000000)
  object space 278528K, 16% used [0x00000000a0000000,0x00000000a2bf99a8,0x00000000b1000000)
 Metaspace       used 78743K, capacity 83838K, committed 83988K, reserved 1120256K
  class space    used 11157K, capacity 12258K, committed 12348K, reserved 1048576K
}
Event: 28.627 GC heap before
{Heap before GC invocations=17 (full 3):
 PSYoungGen      total 203264K, used 197265K [0x00000000e0000000, 0x00000000f0800000, 0x0000000100000000)
  eden space 176128K, 96% used [0x00000000e0000000,0x00000000ea6259f8,0x00000000eac00000)
  from space 27136K, 99% used [0x00000000eac00000,0x00000000ec67eb68,0x00000000ec680000)
  to   space 32768K, 0% used [0x00000000ee800000,0x00000000ee800000,0x00000000f0800000)
 ParOldGen       total 278528K, used 45030K [0x00000000a0000000, 0x00000000b1000000, 0x00000000e0000000)
  object space 278528K, 16% used [0x00000000a0000000,0x00000000a2bf99a8,0x00000000b1000000)
 Metaspace       used 81493K, capacity 88040K, committed 88212K, reserved 1124352K
  class space    used 11642K, capacity 12901K, committed 12988K, reserved 1048576K
Event: 28.646 GC heap after
Heap after GC invocations=17 (full 3):
 PSYoungGen      total 221184K, used 32738K [0x00000000e0000000, 0x00000000f2b80000, 0x0000000100000000)
  eden space 188416K, 0% used [0x00000000e0000000,0x00000000e0000000,0x00000000eb800000)
  from space 32768K, 99% used [0x00000000ee800000,0x00000000f07f8bb8,0x00000000f0800000)
  to   space 49152K, 0% used [0x00000000eb800000,0x00000000eb800000,0x00000000ee800000)
 ParOldGen       total 278528K, used 77382K [0x00000000a0000000, 0x00000000b1000000, 0x00000000e0000000)
  object space 278528K, 27% used [0x00000000a0000000,0x00000000a4b918f8,0x00000000b1000000)
 Metaspace       used 81493K, capacity 88040K, committed 88212K, reserved 1124352K
  class space    used 11642K, capacity 12901K, committed 12988K, reserved 1048576K
}
Event: 28.836 GC heap before
{Heap before GC invocations=18 (full 3):
 PSYoungGen      total 221184K, used 221154K [0x00000000e0000000, 0x00000000f2b80000, 0x0000000100000000)
  eden space 188416K, 100% used [0x00000000e0000000,0x00000000eb800000,0x00000000eb800000)
  from space 32768K, 99% used [0x00000000ee800000,0x00000000f07f8bb8,0x00000000f0800000)
  to   space 49152K, 0% used [0x00000000eb800000,0x00000000eb800000,0x00000000ee800000)
 ParOldGen       total 278528K, used 77382K [0x00000000a0000000, 0x00000000b1000000, 0x00000000e0000000)
  object space 278528K, 27% used [0x00000000a0000000,0x00000000a4b918f8,0x00000000b1000000)
 Metaspace       used 81608K, capacity 88186K, committed 88468K, reserved 1124352K
  class space    used 11659K, capacity 12944K, committed 12988K, reserved 1048576K
Event: 28.850 GC heap after
Heap after GC invocations=18 (full 3):
 PSYoungGen      total 237568K, used 45778K [0x00000000e0000000, 0x00000000f5a80000, 0x0000000100000000)
  eden space 188416K, 0% used [0x00000000e0000000,0x00000000e0000000,0x00000000eb800000)
  from space 49152K, 93% used [0x00000000eb800000,0x00000000ee4b4bf8,0x00000000ee800000)
  to   space 55808K, 0% used [0x00000000f2400000,0x00000000f2400000,0x00000000f5a80000)
 ParOldGen       total 278528K, used 105916K [0x00000000a0000000, 0x00000000b1000000, 0x00000000e0000000)
  object space 278528K, 38% used [0x00000000a0000000,0x00000000a676f128,0x00000000b1000000)
 Metaspace       used 81608K, capacity 88186K, committed 88468K, reserved 1124352K
  class space    used 11659K, capacity 12944K, committed 12988K, reserved 1048576K
}
Event: 31.657 GC heap before
{Heap before GC invocations=19 (full 3):
 PSYoungGen      total 237568K, used 234101K [0x00000000e0000000, 0x00000000f5a80000, 0x0000000100000000)
  eden space 188416K, 99% used [0x00000000e0000000,0x00000000eb7e8a78,0x00000000eb800000)
  from space 49152K, 93% used [0x00000000eb800000,0x00000000ee4b4bf8,0x00000000ee800000)
  to   space 55808K, 0% used [0x00000000f2400000,0x00000000f2400000,0x00000000f5a80000)
 ParOldGen       total 278528K, used 105916K [0x00000000a0000000, 0x00000000b1000000, 0x00000000e0000000)
  object space 278528K, 38% used [0x00000000a0000000,0x00000000a676f128,0x00000000b1000000)
 Metaspace       used 82852K, capacity 89438K, committed 89620K, reserved 1126400K
  class space    used 11811K, capacity 13096K, committed 13116K, reserved 1048576K
Event: 31.674 GC heap after
Heap after GC invocations=19 (full 3):
 PSYoungGen      total 292864K, used 48656K [0x00000000e0000000, 0x00000000f6080000, 0x0000000100000000)
  eden space 237056K, 0% used [0x00000000e0000000,0x00000000e0000000,0x00000000ee780000)
  from space 55808K, 87% used [0x00000000f2400000,0x00000000f5384180,0x00000000f5a80000)
  to   space 61952K, 0% used [0x00000000ee780000,0x00000000ee780000,0x00000000f2400000)
 ParOldGen       total 278528K, used 122308K [0x00000000a0000000, 0x00000000b1000000, 0x00000000e0000000)
  object space 278528K, 43% used [0x00000000a0000000,0x00000000a7771138,0x00000000b1000000)
 Metaspace       used 82852K, capacity 89438K, committed 89620K, reserved 1126400K
  class space    used 11811K, capacity 13096K, committed 13116K, reserved 1048576K
}

