# JRE version: OpenJDK Runtime Environment (8.0_242-b01) (build 1.8.0_242-release-1644-b01)
# Java VM: OpenJDK 64-Bit Server VM (25.242-b01 mixed mode windows-amd64 compressed oops)
Heap:
 PSYoungGen      total 170496K, used 33093K [0x00000000e0000000, 0x00000000ed480000, 0x0000000100000000)
  eden space 146944K, 11% used [0x00000000e0000000,0x00000000e10b9fb8,0x00000000e8f80000)
  from space 23552K, 67% used [0x00000000e8f80000,0x00000000e9f176c8,0x00000000ea680000)
  to   space 23552K, 0% used [0x00000000ebd80000,0x00000000ebd80000,0x00000000ed480000)
 ParOldGen       total 289792K, used 38187K [0x00000000a0000000, 0x00000000b1b00000, 0x00000000e0000000)
  object space 289792K, 13% used [0x00000000a0000000,0x00000000a254ad08,0x00000000b1b00000)
 Metaspace       used 63927K, capacity 67368K, committed 67604K, reserved 1107968K
  class space    used 8932K, capacity 9695K, committed 9788K, reserved 1048576K
GC Heap History (10 events):
Event: 6.024 GC heap before
{Heap before GC invocations=10 (full 2):
 PSYoungGen      total 108032K, used 107735K [0x00000000e0000000, 0x00000000e9700000, 0x0000000100000000)
  eden space 94720K, 100% used [0x00000000e0000000,0x00000000e5c80000,0x00000000e5c80000)
  from space 13312K, 97% used [0x00000000e5c80000,0x00000000e6935cc0,0x00000000e6980000)
  to   space 14848K, 0% used [0x00000000e8880000,0x00000000e8880000,0x00000000e9700000)
 ParOldGen       total 190464K, used 17446K [0x00000000a0000000, 0x00000000aba00000, 0x00000000e0000000)
  object space 190464K, 9% used [0x00000000a0000000,0x00000000a11099f8,0x00000000aba00000)
 Metaspace       used 46805K, capacity 48130K, committed 48344K, reserved 1091584K
  class space    used 6291K, capacity 6653K, committed 6656K, reserved 1048576K
Event: 6.031 GC heap after
Heap after GC invocations=10 (full 2):
 PSYoungGen      total 138752K, used 13145K [0x00000000e0000000, 0x00000000e9b00000, 0x0000000100000000)
  eden space 123904K, 0% used [0x00000000e0000000,0x00000000e0000000,0x00000000e7900000)
  from space 14848K, 88% used [0x00000000e8880000,0x00000000e95565f8,0x00000000e9700000)
  to   space 15872K, 0% used [0x00000000e7900000,0x00000000e7900000,0x00000000e8880000)
 ParOldGen       total 190464K, used 17454K [0x00000000a0000000, 0x00000000aba00000, 0x00000000e0000000)
  object space 190464K, 9% used [0x00000000a0000000,0x00000000a110b9f8,0x00000000aba00000)
 Metaspace       used 46805K, capacity 48130K, committed 48344K, reserved 1091584K
  class space    used 6291K, capacity 6653K, committed 6656K, reserved 1048576K
}
Event: 7.288 GC heap before
{Heap before GC invocations=11 (full 2):
 PSYoungGen      total 138752K, used 137049K [0x00000000e0000000, 0x00000000e9b00000, 0x0000000100000000)
  eden space 123904K, 100% used [0x00000000e0000000,0x00000000e7900000,0x00000000e7900000)
  from space 14848K, 88% used [0x00000000e8880000,0x00000000e95565f8,0x00000000e9700000)
  to   space 15872K, 0% used [0x00000000e7900000,0x00000000e7900000,0x00000000e8880000)
 ParOldGen       total 190464K, used 17454K [0x00000000a0000000, 0x00000000aba00000, 0x00000000e0000000)
  object space 190464K, 9% used [0x00000000a0000000,0x00000000a110b9f8,0x00000000aba00000)
 Metaspace       used 54325K, capacity 56144K, committed 56280K, reserved 1097728K
  class space    used 7426K, capacity 7869K, committed 7936K, reserved 1048576K
Event: 7.300 GC heap after
Heap after GC invocations=11 (full 2):
 PSYoungGen      total 139776K, used 15842K [0x00000000e0000000, 0x00000000eba80000, 0x0000000100000000)
  eden space 123904K, 0% used [0x00000000e0000000,0x00000000e0000000,0x00000000e7900000)
  from space 15872K, 99% used [0x00000000e7900000,0x00000000e8878ba0,0x00000000e8880000)
  to   space 20480K, 0% used [0x00000000ea680000,0x00000000ea680000,0x00000000eba80000)
 ParOldGen       total 190464K, used 25435K [0x00000000a0000000, 0x00000000aba00000, 0x00000000e0000000)
  object space 190464K, 13% used [0x00000000a0000000,0x00000000a18d6e18,0x00000000aba00000)
 Metaspace       used 54325K, capacity 56144K, committed 56280K, reserved 1097728K
  class space    used 7426K, capacity 7869K, committed 7936K, reserved 1048576K
}
Event: 8.335 GC heap before
{Heap before GC invocations=12 (full 2):
 PSYoungGen      total 139776K, used 75537K [0x00000000e0000000, 0x00000000eba80000, 0x0000000100000000)
  eden space 123904K, 48% used [0x00000000e0000000,0x00000000e3a4ba20,0x00000000e7900000)
  from space 15872K, 99% used [0x00000000e7900000,0x00000000e8878ba0,0x00000000e8880000)
  to   space 20480K, 0% used [0x00000000ea680000,0x00000000ea680000,0x00000000eba80000)
 ParOldGen       total 190464K, used 25435K [0x00000000a0000000, 0x00000000aba00000, 0x00000000e0000000)
  object space 190464K, 13% used [0x00000000a0000000,0x00000000a18d6e18,0x00000000aba00000)
 Metaspace       used 56918K, capacity 58944K, committed 59028K, reserved 1099776K
  class space    used 7747K, capacity 8328K, committed 8380K, reserved 1048576K
Event: 8.345 GC heap after
Heap after GC invocations=12 (full 2):
 PSYoungGen      total 167424K, used 20469K [0x00000000e0000000, 0x00000000ec080000, 0x0000000100000000)
  eden space 146944K, 0% used [0x00000000e0000000,0x00000000e0000000,0x00000000e8f80000)
  from space 20480K, 99% used [0x00000000ea680000,0x00000000eba7d730,0x00000000eba80000)
  to   space 23552K, 0% used [0x00000000e8f80000,0x00000000e8f80000,0x00000000ea680000)
 ParOldGen       total 190464K, used 26992K [0x00000000a0000000, 0x00000000aba00000, 0x00000000e0000000)
  object space 190464K, 14% used [0x00000000a0000000,0x00000000a1a5c3a0,0x00000000aba00000)
 Metaspace       used 56918K, capacity 58944K, committed 59028K, reserved 1099776K
  class space    used 7747K, capacity 8328K, committed 8380K, reserved 1048576K
}
Event: 8.345 GC heap before
{Heap before GC invocations=13 (full 3):
 PSYoungGen      total 167424K, used 20469K [0x00000000e0000000, 0x00000000ec080000, 0x0000000100000000)
  eden space 146944K, 0% used [0x00000000e0000000,0x00000000e0000000,0x00000000e8f80000)
  from space 20480K, 99% used [0x00000000ea680000,0x00000000eba7d730,0x00000000eba80000)
  to   space 23552K, 0% used [0x00000000e8f80000,0x00000000e8f80000,0x00000000ea680000)
 ParOldGen       total 190464K, used 26992K [0x00000000a0000000, 0x00000000aba00000, 0x00000000e0000000)
  object space 190464K, 14% used [0x00000000a0000000,0x00000000a1a5c3a0,0x00000000aba00000)
 Metaspace       used 56918K, capacity 58944K, committed 59028K, reserved 1099776K
  class space    used 7747K, capacity 8328K, committed 8380K, reserved 1048576K
Event: 8.499 GC heap after
Heap after GC invocations=13 (full 3):
 PSYoungGen      total 167424K, used 0K [0x00000000e0000000, 0x00000000ec080000, 0x0000000100000000)
  eden space 146944K, 0% used [0x00000000e0000000,0x00000000e0000000,0x00000000e8f80000)
  from space 20480K, 0% used [0x00000000ea680000,0x00000000ea680000,0x00000000eba80000)
  to   space 23552K, 0% used [0x00000000e8f80000,0x00000000e8f80000,0x00000000ea680000)
 ParOldGen       total 289792K, used 38179K [0x00000000a0000000, 0x00000000b1b00000, 0x00000000e0000000)
  object space 289792K, 13% used [0x00000000a0000000,0x00000000a2548d08,0x00000000b1b00000)
 Metaspace       used 56918K, capacity 58944K, committed 59028K, reserved 1099776K
  class space    used 7747K, capacity 8328K, committed 8380K, reserved 1048576K
}
Event: 9.443 GC heap before
{Heap before GC invocations=14 (full 3):
 PSYoungGen      total 167424K, used 146944K [0x00000000e0000000, 0x00000000ec080000, 0x0000000100000000)
  eden space 146944K, 100% used [0x00000000e0000000,0x00000000e8f80000,0x00000000e8f80000)
  from space 20480K, 0% used [0x00000000ea680000,0x00000000ea680000,0x00000000eba80000)
  to   space 23552K, 0% used [0x00000000e8f80000,0x00000000e8f80000,0x00000000ea680000)
 ParOldGen       total 289792K, used 38179K [0x00000000a0000000, 0x00000000b1b00000, 0x00000000e0000000)
  object space 289792K, 13% used [0x00000000a0000000,0x00000000a2548d08,0x00000000b1b00000)
 Metaspace       used 63652K, capacity 67104K, committed 67220K, reserved 1107968K
  class space    used 8884K, capacity 9652K, committed 9660K, reserved 1048576K
Event: 9.451 GC heap after
Heap after GC invocations=14 (full 3):
 PSYoungGen      total 170496K, used 15965K [0x00000000e0000000, 0x00000000ed480000, 0x0000000100000000)
  eden space 146944K, 0% used [0x00000000e0000000,0x00000000e0000000,0x00000000e8f80000)
  from space 23552K, 67% used [0x00000000e8f80000,0x00000000e9f176c8,0x00000000ea680000)
  to   space 23552K, 0% used [0x00000000ebd80000,0x00000000ebd80000,0x00000000ed480000)
 ParOldGen       total 289792K, used 38187K [0x00000000a0000000, 0x00000000b1b00000, 0x00000000e0000000)
  object space 289792K, 13% used [0x00000000a0000000,0x00000000a254ad08,0x00000000b1b00000)
 Metaspace       used 63652K, capacity 67104K, committed 67220K, reserved 1107968K
  class space    used 8884K, capacity 9652K, committed 9660K, reserved 1048576K
}

