# JRE version: OpenJDK Runtime Environment (8.0_242-b01) (build 1.8.0_242-release-1644-b01)
# Java VM: OpenJDK 64-Bit Server VM (25.242-b01 mixed mode windows-amd64 compressed oops)
Heap:
 PSYoungGen      total 351232K, used 78870K [0x00000000e0000000, 0x00000000fd300000, 0x0000000100000000)
  eden space 226304K, 34% used [0x00000000e0000000,0x00000000e4b66f50,0x00000000edd00000)
  from space 124928K, 1% used [0x00000000f5900000,0x00000000f5a9eb50,0x00000000fd300000)
  to   space 125952K, 0% used [0x00000000edd00000,0x00000000edd00000,0x00000000f5800000)
 ParOldGen       total 452096K, used 86175K [0x00000000a0000000, 0x00000000bb980000, 0x00000000e0000000)
  object space 452096K, 19% used [0x00000000a0000000,0x00000000a5427c00,0x00000000bb980000)
 Metaspace       used 80616K, capacity 87858K, committed 88852K, reserved 1126400K
  class space    used 10553K, capacity 11796K, committed 12092K, reserved 1048576K
GC Heap History (10 events):
Event: 21632.987 GC heap before
{Heap before GC invocations=46 (full 4):
 PSYoungGen      total 347648K, used 252975K [0x00000000e0000000, 0x00000000fd880000, 0x0000000100000000)
  eden space 211968K, 100% used [0x00000000e0000000,0x00000000ecf00000,0x00000000ecf00000)
  from space 135680K, 30% used [0x00000000ecf00000,0x00000000ef70bc10,0x00000000f5380000)
  to   space 131584K, 0% used [0x00000000f5800000,0x00000000f5800000,0x00000000fd880000)
 ParOldGen       total 452096K, used 86135K [0x00000000a0000000, 0x00000000bb980000, 0x00000000e0000000)
  object space 452096K, 19% used [0x00000000a0000000,0x00000000a541dc00,0x00000000bb980000)
 Metaspace       used 80130K, capacity 87214K, committed 88596K, reserved 1126400K
  class space    used 10515K, capacity 11728K, committed 12092K, reserved 1048576K
Event: 21632.994 GC heap after
Heap after GC invocations=46 (full 4):
 PSYoungGen      total 349184K, used 11642K [0x00000000e0000000, 0x00000000fd780000, 0x0000000100000000)
  eden space 218624K, 0% used [0x00000000e0000000,0x00000000e0000000,0x00000000ed580000)
  from space 130560K, 8% used [0x00000000f5800000,0x00000000f635eb50,0x00000000fd780000)
  to   space 132096K, 0% used [0x00000000ed580000,0x00000000ed580000,0x00000000f5680000)
 ParOldGen       total 452096K, used 86143K [0x00000000a0000000, 0x00000000bb980000, 0x00000000e0000000)
  object space 452096K, 19% used [0x00000000a0000000,0x00000000a541fc00,0x00000000bb980000)
 Metaspace       used 80130K, capacity 87214K, committed 88596K, reserved 1126400K
  class space    used 10515K, capacity 11728K, committed 12092K, reserved 1048576K
}
Event: 23121.647 GC heap before
{Heap before GC invocations=47 (full 4):
 PSYoungGen      total 349184K, used 230266K [0x00000000e0000000, 0x00000000fd780000, 0x0000000100000000)
  eden space 218624K, 100% used [0x00000000e0000000,0x00000000ed580000,0x00000000ed580000)
  from space 130560K, 8% used [0x00000000f5800000,0x00000000f635eb50,0x00000000fd780000)
  to   space 132096K, 0% used [0x00000000ed580000,0x00000000ed580000,0x00000000f5680000)
 ParOldGen       total 452096K, used 86143K [0x00000000a0000000, 0x00000000bb980000, 0x00000000e0000000)
  object space 452096K, 19% used [0x00000000a0000000,0x00000000a541fc00,0x00000000bb980000)
 Metaspace       used 80139K, capacity 87278K, committed 88596K, reserved 1126400K
  class space    used 10515K, capacity 11728K, committed 12092K, reserved 1048576K
Event: 23121.650 GC heap after
Heap after GC invocations=47 (full 4):
 PSYoungGen      total 350720K, used 1290K [0x00000000e0000000, 0x00000000fdf00000, 0x0000000100000000)
  eden space 218624K, 0% used [0x00000000e0000000,0x00000000e0000000,0x00000000ed580000)
  from space 132096K, 0% used [0x00000000ed580000,0x00000000ed6c2b40,0x00000000f5680000)
  to   space 133120K, 0% used [0x00000000f5d00000,0x00000000f5d00000,0x00000000fdf00000)
 ParOldGen       total 452096K, used 86151K [0x00000000a0000000, 0x00000000bb980000, 0x00000000e0000000)
  object space 452096K, 19% used [0x00000000a0000000,0x00000000a5421c00,0x00000000bb980000)
 Metaspace       used 80139K, capacity 87278K, committed 88596K, reserved 1126400K
  class space    used 10515K, capacity 11728K, committed 12092K, reserved 1048576K
}
Event: 23277.219 GC heap before
{Heap before GC invocations=48 (full 4):
 PSYoungGen      total 350720K, used 218364K [0x00000000e0000000, 0x00000000fdf00000, 0x0000000100000000)
  eden space 218624K, 99% used [0x00000000e0000000,0x00000000ed3fc798,0x00000000ed580000)
  from space 132096K, 0% used [0x00000000ed580000,0x00000000ed6c2b40,0x00000000f5680000)
  to   space 133120K, 0% used [0x00000000f5d00000,0x00000000f5d00000,0x00000000fdf00000)
 ParOldGen       total 452096K, used 86151K [0x00000000a0000000, 0x00000000bb980000, 0x00000000e0000000)
  object space 452096K, 19% used [0x00000000a0000000,0x00000000a5421c00,0x00000000bb980000)
 Metaspace       used 80218K, capacity 87426K, committed 88852K, reserved 1126400K
  class space    used 10516K, capacity 11730K, committed 12092K, reserved 1048576K
Event: 23277.326 GC heap after
Heap after GC invocations=48 (full 4):
 PSYoungGen      total 345088K, used 57430K [0x00000000e0000000, 0x00000000fd400000, 0x0000000100000000)
  eden space 223232K, 0% used [0x00000000e0000000,0x00000000e0000000,0x00000000eda00000)
  from space 121856K, 47% used [0x00000000f5d00000,0x00000000f9515980,0x00000000fd400000)
  to   space 128000K, 0% used [0x00000000eda00000,0x00000000eda00000,0x00000000f5700000)
 ParOldGen       total 452096K, used 86159K [0x00000000a0000000, 0x00000000bb980000, 0x00000000e0000000)
  object space 452096K, 19% used [0x00000000a0000000,0x00000000a5423c00,0x00000000bb980000)
 Metaspace       used 80218K, capacity 87426K, committed 88852K, reserved 1126400K
  class space    used 10516K, capacity 11730K, committed 12092K, reserved 1048576K
}
Event: 24351.640 GC heap before
{Heap before GC invocations=49 (full 4):
 PSYoungGen      total 345088K, used 280662K [0x00000000e0000000, 0x00000000fd400000, 0x0000000100000000)
  eden space 223232K, 100% used [0x00000000e0000000,0x00000000eda00000,0x00000000eda00000)
  from space 121856K, 47% used [0x00000000f5d00000,0x00000000f9515980,0x00000000fd400000)
  to   space 128000K, 0% used [0x00000000eda00000,0x00000000eda00000,0x00000000f5700000)
 ParOldGen       total 452096K, used 86159K [0x00000000a0000000, 0x00000000bb980000, 0x00000000e0000000)
  object space 452096K, 19% used [0x00000000a0000000,0x00000000a5423c00,0x00000000bb980000)
 Metaspace       used 80575K, capacity 87794K, committed 88852K, reserved 1126400K
  class space    used 10553K, capacity 11796K, committed 12092K, reserved 1048576K
Event: 24351.650 GC heap after
Heap after GC invocations=49 (full 4):
 PSYoungGen      total 351232K, used 11370K [0x00000000e0000000, 0x00000000fd480000, 0x0000000100000000)
  eden space 223232K, 0% used [0x00000000e0000000,0x00000000e0000000,0x00000000eda00000)
  from space 128000K, 8% used [0x00000000eda00000,0x00000000ee51ab60,0x00000000f5700000)
  to   space 126464K, 0% used [0x00000000f5900000,0x00000000f5900000,0x00000000fd480000)
 ParOldGen       total 452096K, used 86167K [0x00000000a0000000, 0x00000000bb980000, 0x00000000e0000000)
  object space 452096K, 19% used [0x00000000a0000000,0x00000000a5425c00,0x00000000bb980000)
 Metaspace       used 80575K, capacity 87794K, committed 88852K, reserved 1126400K
  class space    used 10553K, capacity 11796K, committed 12092K, reserved 1048576K
}
Event: 24365.549 GC heap before
{Heap before GC invocations=50 (full 4):
 PSYoungGen      total 351232K, used 234602K [0x00000000e0000000, 0x00000000fd480000, 0x0000000100000000)
  eden space 223232K, 100% used [0x00000000e0000000,0x00000000eda00000,0x00000000eda00000)
  from space 128000K, 8% used [0x00000000eda00000,0x00000000ee51ab60,0x00000000f5700000)
  to   space 126464K, 0% used [0x00000000f5900000,0x00000000f5900000,0x00000000fd480000)
 ParOldGen       total 452096K, used 86167K [0x00000000a0000000, 0x00000000bb980000, 0x00000000e0000000)
  object space 452096K, 19% used [0x00000000a0000000,0x00000000a5425c00,0x00000000bb980000)
 Metaspace       used 80592K, capacity 87858K, committed 88852K, reserved 1126400K
  class space    used 10553K, capacity 11796K, committed 12092K, reserved 1048576K
Event: 24365.552 GC heap after
Heap after GC invocations=50 (full 4):
 PSYoungGen      total 351232K, used 1658K [0x00000000e0000000, 0x00000000fd300000, 0x0000000100000000)
  eden space 226304K, 0% used [0x00000000e0000000,0x00000000e0000000,0x00000000edd00000)
  from space 124928K, 1% used [0x00000000f5900000,0x00000000f5a9eb50,0x00000000fd300000)
  to   space 125952K, 0% used [0x00000000edd00000,0x00000000edd00000,0x00000000f5800000)
 ParOldGen       total 452096K, used 86175K [0x00000000a0000000, 0x00000000bb980000, 0x00000000e0000000)
  object space 452096K, 19% used [0x00000000a0000000,0x00000000a5427c00,0x00000000bb980000)
 Metaspace       used 80592K, capacity 87858K, committed 88852K, reserved 1126400K
  class space    used 10553K, capacity 11796K, committed 12092K, reserved 1048576K
}

