# JRE version: OpenJDK Runtime Environment (8.0_242-b01) (build 1.8.0_242-release-1644-b01)
# Java VM: OpenJDK 64-Bit Server VM (25.242-b01 mixed mode windows-amd64 compressed oops)
Heap:
 PSYoungGen      total 105472K, used 102468K [0x00000000e0000000, 0x00000000e9c80000, 0x0000000100000000)
  eden space 91648K, 98% used [0x00000000e0000000,0x00000000e5819f18,0x00000000e5980000)
  from space 13824K, 88% used [0x00000000e5980000,0x00000000e6577308,0x00000000e6700000)
  to   space 14336K, 0% used [0x00000000e8e80000,0x00000000e8e80000,0x00000000e9c80000)
 ParOldGen       total 176640K, used 17636K [0x00000000a0000000, 0x00000000aac80000, 0x00000000e0000000)
  object space 176640K, 9% used [0x00000000a0000000,0x00000000a11391e0,0x00000000aac80000)
 Metaspace       used 46557K, capacity 47834K, committed 48088K, reserved 1091584K
  class space    used 6258K, capacity 6637K, committed 6656K, reserved 1048576K
GC Heap History (10 events):
Event: 4.370 GC heap before
{Heap before GC invocations=5 (full 1):
 PSYoungGen      total 76288K, used 65536K [0x00000000e0000000, 0x00000000e5500000, 0x0000000100000000)
  eden space 65536K, 100% used [0x00000000e0000000,0x00000000e4000000,0x00000000e4000000)
  from space 10752K, 0% used [0x00000000e4000000,0x00000000e4000000,0x00000000e4a80000)
  to   space 10752K, 0% used [0x00000000e4a80000,0x00000000e4a80000,0x00000000e5500000)
 ParOldGen       total 114176K, used 12064K [0x00000000a0000000, 0x00000000a6f80000, 0x00000000e0000000)
  object space 114176K, 10% used [0x00000000a0000000,0x00000000a0bc81b0,0x00000000a6f80000)
 Metaspace       used 28502K, capacity 28974K, committed 29440K, reserved 1075200K
  class space    used 3822K, capacity 3997K, committed 4096K, reserved 1048576K
Event: 4.373 GC heap after
Heap after GC invocations=5 (full 1):
 PSYoungGen      total 76288K, used 7945K [0x00000000e0000000, 0x00000000e7300000, 0x0000000100000000)
  eden space 65536K, 0% used [0x00000000e0000000,0x00000000e0000000,0x00000000e4000000)
  from space 10752K, 73% used [0x00000000e4a80000,0x00000000e5242530,0x00000000e5500000)
  to   space 10752K, 0% used [0x00000000e4000000,0x00000000e4000000,0x00000000e4a80000)
 ParOldGen       total 114176K, used 12072K [0x00000000a0000000, 0x00000000a6f80000, 0x00000000e0000000)
  object space 114176K, 10% used [0x00000000a0000000,0x00000000a0bca1b0,0x00000000a6f80000)
 Metaspace       used 28502K, capacity 28974K, committed 29440K, reserved 1075200K
  class space    used 3822K, capacity 3997K, committed 4096K, reserved 1048576K
}
Event: 8.172 GC heap before
{Heap before GC invocations=6 (full 1):
 PSYoungGen      total 76288K, used 73481K [0x00000000e0000000, 0x00000000e7300000, 0x0000000100000000)
  eden space 65536K, 100% used [0x00000000e0000000,0x00000000e4000000,0x00000000e4000000)
  from space 10752K, 73% used [0x00000000e4a80000,0x00000000e5242530,0x00000000e5500000)
  to   space 10752K, 0% used [0x00000000e4000000,0x00000000e4000000,0x00000000e4a80000)
 ParOldGen       total 114176K, used 12072K [0x00000000a0000000, 0x00000000a6f80000, 0x00000000e0000000)
  object space 114176K, 10% used [0x00000000a0000000,0x00000000a0bca1b0,0x00000000a6f80000)
 Metaspace       used 31266K, capacity 31788K, committed 32128K, reserved 1077248K
  class space    used 4276K, capacity 4423K, committed 4480K, reserved 1048576K
Event: 8.176 GC heap after
Heap after GC invocations=6 (full 1):
 PSYoungGen      total 76288K, used 8654K [0x00000000e0000000, 0x00000000e7380000, 0x0000000100000000)
  eden space 65536K, 0% used [0x00000000e0000000,0x00000000e0000000,0x00000000e4000000)
  from space 10752K, 80% used [0x00000000e4000000,0x00000000e4873a28,0x00000000e4a80000)
  to   space 12800K, 0% used [0x00000000e6700000,0x00000000e6700000,0x00000000e7380000)
 ParOldGen       total 114176K, used 12080K [0x00000000a0000000, 0x00000000a6f80000, 0x00000000e0000000)
  object space 114176K, 10% used [0x00000000a0000000,0x00000000a0bcc1b0,0x00000000a6f80000)
 Metaspace       used 31266K, capacity 31788K, committed 32128K, reserved 1077248K
  class space    used 4276K, capacity 4423K, committed 4480K, reserved 1048576K
}
Event: 8.933 GC heap before
{Heap before GC invocations=7 (full 1):
 PSYoungGen      total 76288K, used 72952K [0x00000000e0000000, 0x00000000e7380000, 0x0000000100000000)
  eden space 65536K, 98% used [0x00000000e0000000,0x00000000e3eca808,0x00000000e4000000)
  from space 10752K, 80% used [0x00000000e4000000,0x00000000e4873a28,0x00000000e4a80000)
  to   space 12800K, 0% used [0x00000000e6700000,0x00000000e6700000,0x00000000e7380000)
 ParOldGen       total 114176K, used 12080K [0x00000000a0000000, 0x00000000a6f80000, 0x00000000e0000000)
  object space 114176K, 10% used [0x00000000a0000000,0x00000000a0bcc1b0,0x00000000a6f80000)
 Metaspace       used 34455K, capacity 35364K, committed 35416K, reserved 1079296K
  class space    used 4720K, capacity 4976K, committed 4992K, reserved 1048576K
Event: 8.940 GC heap after
Heap after GC invocations=7 (full 1):
 PSYoungGen      total 104448K, used 11144K [0x00000000e0000000, 0x00000000e7800000, 0x0000000100000000)
  eden space 91648K, 0% used [0x00000000e0000000,0x00000000e0000000,0x00000000e5980000)
  from space 12800K, 87% used [0x00000000e6700000,0x00000000e71e2348,0x00000000e7380000)
  to   space 13824K, 0% used [0x00000000e5980000,0x00000000e5980000,0x00000000e6700000)
 ParOldGen       total 114176K, used 12088K [0x00000000a0000000, 0x00000000a6f80000, 0x00000000e0000000)
  object space 114176K, 10% used [0x00000000a0000000,0x00000000a0bce1b0,0x00000000a6f80000)
 Metaspace       used 34455K, capacity 35364K, committed 35416K, reserved 1079296K
  class space    used 4720K, capacity 4976K, committed 4992K, reserved 1048576K
}
Event: 8.940 GC heap before
{Heap before GC invocations=8 (full 2):
 PSYoungGen      total 104448K, used 11144K [0x00000000e0000000, 0x00000000e7800000, 0x0000000100000000)
  eden space 91648K, 0% used [0x00000000e0000000,0x00000000e0000000,0x00000000e5980000)
  from space 12800K, 87% used [0x00000000e6700000,0x00000000e71e2348,0x00000000e7380000)
  to   space 13824K, 0% used [0x00000000e5980000,0x00000000e5980000,0x00000000e6700000)
 ParOldGen       total 114176K, used 12088K [0x00000000a0000000, 0x00000000a6f80000, 0x00000000e0000000)
  object space 114176K, 10% used [0x00000000a0000000,0x00000000a0bce1b0,0x00000000a6f80000)
 Metaspace       used 34455K, capacity 35364K, committed 35416K, reserved 1079296K
  class space    used 4720K, capacity 4976K, committed 4992K, reserved 1048576K
Event: 8.984 GC heap after
Heap after GC invocations=8 (full 2):
 PSYoungGen      total 104448K, used 0K [0x00000000e0000000, 0x00000000e7800000, 0x0000000100000000)
  eden space 91648K, 0% used [0x00000000e0000000,0x00000000e0000000,0x00000000e5980000)
  from space 12800K, 0% used [0x00000000e6700000,0x00000000e6700000,0x00000000e7380000)
  to   space 13824K, 0% used [0x00000000e5980000,0x00000000e5980000,0x00000000e6700000)
 ParOldGen       total 176640K, used 17628K [0x00000000a0000000, 0x00000000aac80000, 0x00000000e0000000)
  object space 176640K, 9% used [0x00000000a0000000,0x00000000a11371e0,0x00000000aac80000)
 Metaspace       used 34405K, capacity 35196K, committed 35416K, reserved 1079296K
  class space    used 4705K, capacity 4948K, committed 4992K, reserved 1048576K
}
Event: 9.997 GC heap before
{Heap before GC invocations=9 (full 2):
 PSYoungGen      total 104448K, used 91648K [0x00000000e0000000, 0x00000000e7800000, 0x0000000100000000)
  eden space 91648K, 100% used [0x00000000e0000000,0x00000000e5980000,0x00000000e5980000)
  from space 12800K, 0% used [0x00000000e6700000,0x00000000e6700000,0x00000000e7380000)
  to   space 13824K, 0% used [0x00000000e5980000,0x00000000e5980000,0x00000000e6700000)
 ParOldGen       total 176640K, used 17628K [0x00000000a0000000, 0x00000000aac80000, 0x00000000e0000000)
  object space 176640K, 9% used [0x00000000a0000000,0x00000000a11371e0,0x00000000aac80000)
 Metaspace       used 43810K, capacity 44872K, committed 45400K, reserved 1089536K
  class space    used 5881K, capacity 6149K, committed 6272K, reserved 1048576K
Event: 10.004 GC heap after
Heap after GC invocations=9 (full 2):
 PSYoungGen      total 105472K, used 12252K [0x00000000e0000000, 0x00000000e9c80000, 0x0000000100000000)
  eden space 91648K, 0% used [0x00000000e0000000,0x00000000e0000000,0x00000000e5980000)
  from space 13824K, 88% used [0x00000000e5980000,0x00000000e6577308,0x00000000e6700000)
  to   space 14336K, 0% used [0x00000000e8e80000,0x00000000e8e80000,0x00000000e9c80000)
 ParOldGen       total 176640K, used 17636K [0x00000000a0000000, 0x00000000aac80000, 0x00000000e0000000)
  object space 176640K, 9% used [0x00000000a0000000,0x00000000a11391e0,0x00000000aac80000)
 Metaspace       used 43810K, capacity 44872K, committed 45400K, reserved 1089536K
  class space    used 5881K, capacity 6149K, committed 6272K, reserved 1048576K
}

