# JRE version: OpenJDK Runtime Environment (8.0_242-b01) (build 1.8.0_242-release-1644-b01)
# Java VM: OpenJDK 64-Bit Server VM (25.242-b01 mixed mode windows-amd64 compressed oops)
Heap:
 PSYoungGen      total 108032K, used 57187K [0x00000000e0000000, 0x00000000e7900000, 0x0000000100000000)
  eden space 95232K, 60% used [0x00000000e0000000,0x00000000e37d8e90,0x00000000e5d00000)
  from space 12800K, 0% used [0x00000000e6a00000,0x00000000e6a00000,0x00000000e7680000)
  to   space 13312K, 0% used [0x00000000e5d00000,0x00000000e5d00000,0x00000000e6a00000)
 ParOldGen       total 193024K, used 17533K [0x00000000a0000000, 0x00000000abc80000, 0x00000000e0000000)
  object space 193024K, 9% used [0x00000000a0000000,0x00000000a111f498,0x00000000abc80000)
 Metaspace       used 41110K, capacity 42242K, committed 42536K, reserved 1085440K
  class space    used 5558K, capacity 5854K, committed 5936K, reserved 1048576K
GC Heap History (10 events):
Event: 1.816 GC heap before
{Heap before GC invocations=4 (full 1):
 PSYoungGen      total 76288K, used 10728K [0x00000000e0000000, 0x00000000e5500000, 0x0000000100000000)
  eden space 65536K, 0% used [0x00000000e0000000,0x00000000e0000000,0x00000000e4000000)
  from space 10752K, 99% used [0x00000000e4000000,0x00000000e4a7a398,0x00000000e4a80000)
  to   space 10752K, 0% used [0x00000000e4a80000,0x00000000e4a80000,0x00000000e5500000)
 ParOldGen       total 175104K, used 1914K [0x00000000a0000000, 0x00000000aab00000, 0x00000000e0000000)
  object space 175104K, 1% used [0x00000000a0000000,0x00000000a01deb98,0x00000000aab00000)
 Metaspace       used 20715K, capacity 21110K, committed 21296K, reserved 1067008K
  class space    used 2920K, capacity 3085K, committed 3120K, reserved 1048576K
Event: 1.839 GC heap after
Heap after GC invocations=4 (full 1):
 PSYoungGen      total 76288K, used 0K [0x00000000e0000000, 0x00000000e5500000, 0x0000000100000000)
  eden space 65536K, 0% used [0x00000000e0000000,0x00000000e0000000,0x00000000e4000000)
  from space 10752K, 0% used [0x00000000e4000000,0x00000000e4000000,0x00000000e4a80000)
  to   space 10752K, 0% used [0x00000000e4a80000,0x00000000e4a80000,0x00000000e5500000)
 ParOldGen       total 116736K, used 12159K [0x00000000a0000000, 0x00000000a7200000, 0x00000000e0000000)
  object space 116736K, 10% used [0x00000000a0000000,0x00000000a0bdff78,0x00000000a7200000)
 Metaspace       used 20715K, capacity 21110K, committed 21296K, reserved 1067008K
  class space    used 2920K, capacity 3085K, committed 3120K, reserved 1048576K
}
Event: 2.256 GC heap before
{Heap before GC invocations=5 (full 1):
 PSYoungGen      total 76288K, used 65536K [0x00000000e0000000, 0x00000000e5500000, 0x0000000100000000)
  eden space 65536K, 100% used [0x00000000e0000000,0x00000000e4000000,0x00000000e4000000)
  from space 10752K, 0% used [0x00000000e4000000,0x00000000e4000000,0x00000000e4a80000)
  to   space 10752K, 0% used [0x00000000e4a80000,0x00000000e4a80000,0x00000000e5500000)
 ParOldGen       total 116736K, used 12159K [0x00000000a0000000, 0x00000000a7200000, 0x00000000e0000000)
  object space 116736K, 10% used [0x00000000a0000000,0x00000000a0bdff78,0x00000000a7200000)
 Metaspace       used 28499K, capacity 28978K, committed 29360K, reserved 1075200K
  class space    used 3824K, capacity 3997K, committed 4016K, reserved 1048576K
Event: 2.259 GC heap after
Heap after GC invocations=5 (full 1):
 PSYoungGen      total 76288K, used 7930K [0x00000000e0000000, 0x00000000e7080000, 0x0000000100000000)
  eden space 65536K, 0% used [0x00000000e0000000,0x00000000e0000000,0x00000000e4000000)
  from space 10752K, 73% used [0x00000000e4a80000,0x00000000e523e8e0,0x00000000e5500000)
  to   space 10752K, 0% used [0x00000000e4000000,0x00000000e4000000,0x00000000e4a80000)
 ParOldGen       total 116736K, used 12167K [0x00000000a0000000, 0x00000000a7200000, 0x00000000e0000000)
  object space 116736K, 10% used [0x00000000a0000000,0x00000000a0be1f78,0x00000000a7200000)
 Metaspace       used 28499K, capacity 28978K, committed 29360K, reserved 1075200K
  class space    used 3824K, capacity 3997K, committed 4016K, reserved 1048576K
}
Event: 2.502 GC heap before
{Heap before GC invocations=6 (full 1):
 PSYoungGen      total 76288K, used 73466K [0x00000000e0000000, 0x00000000e7080000, 0x0000000100000000)
  eden space 65536K, 100% used [0x00000000e0000000,0x00000000e4000000,0x00000000e4000000)
  from space 10752K, 73% used [0x00000000e4a80000,0x00000000e523e8e0,0x00000000e5500000)
  to   space 10752K, 0% used [0x00000000e4000000,0x00000000e4000000,0x00000000e4a80000)
 ParOldGen       total 116736K, used 12167K [0x00000000a0000000, 0x00000000a7200000, 0x00000000e0000000)
  object space 116736K, 10% used [0x00000000a0000000,0x00000000a0be1f78,0x00000000a7200000)
 Metaspace       used 31297K, capacity 31824K, committed 32176K, reserved 1077248K
  class space    used 4285K, capacity 4455K, committed 4528K, reserved 1048576K
Event: 2.505 GC heap after
Heap after GC invocations=6 (full 1):
 PSYoungGen      total 76288K, used 8684K [0x00000000e0000000, 0x00000000e7680000, 0x0000000100000000)
  eden space 65536K, 0% used [0x00000000e0000000,0x00000000e0000000,0x00000000e4000000)
  from space 10752K, 80% used [0x00000000e4000000,0x00000000e487b368,0x00000000e4a80000)
  to   space 12800K, 0% used [0x00000000e6a00000,0x00000000e6a00000,0x00000000e7680000)
 ParOldGen       total 116736K, used 12175K [0x00000000a0000000, 0x00000000a7200000, 0x00000000e0000000)
  object space 116736K, 10% used [0x00000000a0000000,0x00000000a0be3f78,0x00000000a7200000)
 Metaspace       used 31297K, capacity 31824K, committed 32176K, reserved 1077248K
  class space    used 4285K, capacity 4455K, committed 4528K, reserved 1048576K
}
Event: 2.888 GC heap before
{Heap before GC invocations=7 (full 1):
 PSYoungGen      total 76288K, used 73020K [0x00000000e0000000, 0x00000000e7680000, 0x0000000100000000)
  eden space 65536K, 98% used [0x00000000e0000000,0x00000000e3ed3ef8,0x00000000e4000000)
  from space 10752K, 80% used [0x00000000e4000000,0x00000000e487b368,0x00000000e4a80000)
  to   space 12800K, 0% used [0x00000000e6a00000,0x00000000e6a00000,0x00000000e7680000)
 ParOldGen       total 116736K, used 12175K [0x00000000a0000000, 0x00000000a7200000, 0x00000000e0000000)
  object space 116736K, 10% used [0x00000000a0000000,0x00000000a0be3f78,0x00000000a7200000)
 Metaspace       used 34463K, capacity 35420K, committed 35496K, reserved 1079296K
  class space    used 4722K, capacity 4974K, committed 5040K, reserved 1048576K
Event: 2.894 GC heap after
Heap after GC invocations=7 (full 1):
 PSYoungGen      total 108032K, used 10927K [0x00000000e0000000, 0x00000000e7900000, 0x0000000100000000)
  eden space 95232K, 0% used [0x00000000e0000000,0x00000000e0000000,0x00000000e5d00000)
  from space 12800K, 85% used [0x00000000e6a00000,0x00000000e74abf10,0x00000000e7680000)
  to   space 13312K, 0% used [0x00000000e5d00000,0x00000000e5d00000,0x00000000e6a00000)
 ParOldGen       total 116736K, used 12183K [0x00000000a0000000, 0x00000000a7200000, 0x00000000e0000000)
  object space 116736K, 10% used [0x00000000a0000000,0x00000000a0be5f78,0x00000000a7200000)
 Metaspace       used 34463K, capacity 35420K, committed 35496K, reserved 1079296K
  class space    used 4722K, capacity 4974K, committed 5040K, reserved 1048576K
}
Event: 2.894 GC heap before
{Heap before GC invocations=8 (full 2):
 PSYoungGen      total 108032K, used 10927K [0x00000000e0000000, 0x00000000e7900000, 0x0000000100000000)
  eden space 95232K, 0% used [0x00000000e0000000,0x00000000e0000000,0x00000000e5d00000)
  from space 12800K, 85% used [0x00000000e6a00000,0x00000000e74abf10,0x00000000e7680000)
  to   space 13312K, 0% used [0x00000000e5d00000,0x00000000e5d00000,0x00000000e6a00000)
 ParOldGen       total 116736K, used 12183K [0x00000000a0000000, 0x00000000a7200000, 0x00000000e0000000)
  object space 116736K, 10% used [0x00000000a0000000,0x00000000a0be5f78,0x00000000a7200000)
 Metaspace       used 34463K, capacity 35420K, committed 35496K, reserved 1079296K
  class space    used 4722K, capacity 4974K, committed 5040K, reserved 1048576K
Event: 2.937 GC heap after
Heap after GC invocations=8 (full 2):
 PSYoungGen      total 108032K, used 0K [0x00000000e0000000, 0x00000000e7900000, 0x0000000100000000)
  eden space 95232K, 0% used [0x00000000e0000000,0x00000000e0000000,0x00000000e5d00000)
  from space 12800K, 0% used [0x00000000e6a00000,0x00000000e6a00000,0x00000000e7680000)
  to   space 13312K, 0% used [0x00000000e5d00000,0x00000000e5d00000,0x00000000e6a00000)
 ParOldGen       total 193024K, used 17533K [0x00000000a0000000, 0x00000000abc80000, 0x00000000e0000000)
  object space 193024K, 9% used [0x00000000a0000000,0x00000000a111f498,0x00000000abc80000)
 Metaspace       used 34417K, capacity 35264K, committed 35496K, reserved 1079296K
  class space    used 4708K, capacity 4948K, committed 5040K, reserved 1048576K
}

