# JRE version: OpenJDK Runtime Environment (8.0_242-b01) (build 1.8.0_242-release-1644-b01)
# Java VM: OpenJDK 64-Bit Server VM (25.242-b01 mixed mode windows-amd64 compressed oops)
Heap:
 PSYoungGen      total 130560K, used 20884K [0x00000000e0000000, 0x00000000ea000000, 0x0000000100000000)
  eden space 109568K, 19% used [0x00000000e0000000,0x00000000e1465168,0x00000000e6b00000)
  from space 20992K, 0% used [0x00000000e8200000,0x00000000e8200000,0x00000000e9680000)
  to   space 23552K, 0% used [0x00000000e6b00000,0x00000000e6b00000,0x00000000e8200000)
 ParOldGen       total 189952K, used 35807K [0x00000000a0000000, 0x00000000ab980000, 0x00000000e0000000)
  object space 189952K, 18% used [0x00000000a0000000,0x00000000a22f7dd0,0x00000000ab980000)
 Metaspace       used 58412K, capacity 60356K, committed 60504K, reserved 1101824K
  class space    used 8019K, capacity 8557K, committed 8576K, reserved 1048576K
GC Heap History (10 events):
Event: 3.540 GC heap before
{Heap before GC invocations=9 (full 2):
 PSYoungGen      total 110080K, used 97280K [0x00000000e0000000, 0x00000000e7a80000, 0x0000000100000000)
  eden space 97280K, 100% used [0x00000000e0000000,0x00000000e5f00000,0x00000000e5f00000)
  from space 12800K, 0% used [0x00000000e6c00000,0x00000000e6c00000,0x00000000e7880000)
  to   space 13312K, 0% used [0x00000000e5f00000,0x00000000e5f00000,0x00000000e6c00000)
 ParOldGen       total 189952K, used 17534K [0x00000000a0000000, 0x00000000ab980000, 0x00000000e0000000)
  object space 189952K, 9% used [0x00000000a0000000,0x00000000a111fbd8,0x00000000ab980000)
 Metaspace       used 44065K, capacity 45150K, committed 45656K, reserved 1089536K
  class space    used 5895K, capacity 6216K, committed 6272K, reserved 1048576K
Event: 3.546 GC heap after
Heap after GC invocations=9 (full 2):
 PSYoungGen      total 110592K, used 13307K [0x00000000e0000000, 0x00000000e7a80000, 0x0000000100000000)
  eden space 97280K, 0% used [0x00000000e0000000,0x00000000e0000000,0x00000000e5f00000)
  from space 13312K, 99% used [0x00000000e5f00000,0x00000000e6bfed48,0x00000000e6c00000)
  to   space 12800K, 0% used [0x00000000e6c00000,0x00000000e6c00000,0x00000000e7880000)
 ParOldGen       total 189952K, used 17801K [0x00000000a0000000, 0x00000000ab980000, 0x00000000e0000000)
  object space 189952K, 9% used [0x00000000a0000000,0x00000000a11625f0,0x00000000ab980000)
 Metaspace       used 44065K, capacity 45150K, committed 45656K, reserved 1089536K
  class space    used 5895K, capacity 6216K, committed 6272K, reserved 1048576K
}
Event: 4.129 GC heap before
{Heap before GC invocations=10 (full 2):
 PSYoungGen      total 110592K, used 110587K [0x00000000e0000000, 0x00000000e7a80000, 0x0000000100000000)
  eden space 97280K, 100% used [0x00000000e0000000,0x00000000e5f00000,0x00000000e5f00000)
  from space 13312K, 99% used [0x00000000e5f00000,0x00000000e6bfed48,0x00000000e6c00000)
  to   space 12800K, 0% used [0x00000000e6c00000,0x00000000e6c00000,0x00000000e7880000)
 ParOldGen       total 189952K, used 17801K [0x00000000a0000000, 0x00000000ab980000, 0x00000000e0000000)
  object space 189952K, 9% used [0x00000000a0000000,0x00000000a11625f0,0x00000000ab980000)
 Metaspace       used 48919K, capacity 50388K, committed 50520K, reserved 1093632K
  class space    used 6572K, capacity 6954K, committed 7040K, reserved 1048576K
Event: 4.135 GC heap after
Heap after GC invocations=10 (full 2):
 PSYoungGen      total 106496K, used 12786K [0x00000000e0000000, 0x00000000e9d00000, 0x0000000100000000)
  eden space 93696K, 0% used [0x00000000e0000000,0x00000000e0000000,0x00000000e5b80000)
  from space 12800K, 99% used [0x00000000e6c00000,0x00000000e787cbb0,0x00000000e7880000)
  to   space 16896K, 0% used [0x00000000e5b80000,0x00000000e5b80000,0x00000000e6c00000)
 ParOldGen       total 189952K, used 20263K [0x00000000a0000000, 0x00000000ab980000, 0x00000000e0000000)
  object space 189952K, 10% used [0x00000000a0000000,0x00000000a13c9c58,0x00000000ab980000)
 Metaspace       used 48919K, capacity 50388K, committed 50520K, reserved 1093632K
  class space    used 6572K, capacity 6954K, committed 7040K, reserved 1048576K
}
Event: 4.881 GC heap before
{Heap before GC invocations=11 (full 2):
 PSYoungGen      total 106496K, used 106482K [0x00000000e0000000, 0x00000000e9d00000, 0x0000000100000000)
  eden space 93696K, 100% used [0x00000000e0000000,0x00000000e5b80000,0x00000000e5b80000)
  from space 12800K, 99% used [0x00000000e6c00000,0x00000000e787cbb0,0x00000000e7880000)
  to   space 16896K, 0% used [0x00000000e5b80000,0x00000000e5b80000,0x00000000e6c00000)
 ParOldGen       total 189952K, used 20263K [0x00000000a0000000, 0x00000000ab980000, 0x00000000e0000000)
  object space 189952K, 10% used [0x00000000a0000000,0x00000000a13c9c58,0x00000000ab980000)
 Metaspace       used 55313K, capacity 57192K, committed 57432K, reserved 1099776K
  class space    used 7496K, capacity 7968K, committed 8064K, reserved 1048576K
Event: 4.893 GC heap after
Heap after GC invocations=11 (full 2):
 PSYoungGen      total 110592K, used 16866K [0x00000000e0000000, 0x00000000e9680000, 0x0000000100000000)
  eden space 93696K, 0% used [0x00000000e0000000,0x00000000e0000000,0x00000000e5b80000)
  from space 16896K, 99% used [0x00000000e5b80000,0x00000000e6bf8aa8,0x00000000e6c00000)
  to   space 20992K, 0% used [0x00000000e8200000,0x00000000e8200000,0x00000000e9680000)
 ParOldGen       total 189952K, used 25240K [0x00000000a0000000, 0x00000000ab980000, 0x00000000e0000000)
  object space 189952K, 13% used [0x00000000a0000000,0x00000000a18a6148,0x00000000ab980000)
 Metaspace       used 55313K, capacity 57192K, committed 57432K, reserved 1099776K
  class space    used 7496K, capacity 7968K, committed 8064K, reserved 1048576K
}
Event: 5.196 GC heap before
{Heap before GC invocations=12 (full 2):
 PSYoungGen      total 110592K, used 80956K [0x00000000e0000000, 0x00000000e9680000, 0x0000000100000000)
  eden space 93696K, 68% used [0x00000000e0000000,0x00000000e3e96708,0x00000000e5b80000)
  from space 16896K, 99% used [0x00000000e5b80000,0x00000000e6bf8aa8,0x00000000e6c00000)
  to   space 20992K, 0% used [0x00000000e8200000,0x00000000e8200000,0x00000000e9680000)
 ParOldGen       total 189952K, used 25240K [0x00000000a0000000, 0x00000000ab980000, 0x00000000e0000000)
  object space 189952K, 13% used [0x00000000a0000000,0x00000000a18a6148,0x00000000ab980000)
 Metaspace       used 57124K, capacity 58934K, committed 58968K, reserved 1099776K
  class space    used 7790K, capacity 8288K, committed 8320K, reserved 1048576K
Event: 5.207 GC heap after
Heap after GC invocations=12 (full 2):
 PSYoungGen      total 130560K, used 20976K [0x00000000e0000000, 0x00000000ea000000, 0x0000000100000000)
  eden space 109568K, 0% used [0x00000000e0000000,0x00000000e0000000,0x00000000e6b00000)
  from space 20992K, 99% used [0x00000000e8200000,0x00000000e967c130,0x00000000e9680000)
  to   space 23552K, 0% used [0x00000000e6b00000,0x00000000e6b00000,0x00000000e8200000)
 ParOldGen       total 189952K, used 26074K [0x00000000a0000000, 0x00000000ab980000, 0x00000000e0000000)
  object space 189952K, 13% used [0x00000000a0000000,0x00000000a1976b10,0x00000000ab980000)
 Metaspace       used 57124K, capacity 58934K, committed 58968K, reserved 1099776K
  class space    used 7790K, capacity 8288K, committed 8320K, reserved 1048576K
}
Event: 5.207 GC heap before
{Heap before GC invocations=13 (full 3):
 PSYoungGen      total 130560K, used 20976K [0x00000000e0000000, 0x00000000ea000000, 0x0000000100000000)
  eden space 109568K, 0% used [0x00000000e0000000,0x00000000e0000000,0x00000000e6b00000)
  from space 20992K, 99% used [0x00000000e8200000,0x00000000e967c130,0x00000000e9680000)
  to   space 23552K, 0% used [0x00000000e6b00000,0x00000000e6b00000,0x00000000e8200000)
 ParOldGen       total 189952K, used 26074K [0x00000000a0000000, 0x00000000ab980000, 0x00000000e0000000)
  object space 189952K, 13% used [0x00000000a0000000,0x00000000a1976b10,0x00000000ab980000)
 Metaspace       used 57124K, capacity 58934K, committed 58968K, reserved 1099776K
  class space    used 7790K, capacity 8288K, committed 8320K, reserved 1048576K
Event: 5.358 GC heap after
Heap after GC invocations=13 (full 3):
 PSYoungGen      total 130560K, used 0K [0x00000000e0000000, 0x00000000ea000000, 0x0000000100000000)
  eden space 109568K, 0% used [0x00000000e0000000,0x00000000e0000000,0x00000000e6b00000)
  from space 20992K, 0% used [0x00000000e8200000,0x00000000e8200000,0x00000000e9680000)
  to   space 23552K, 0% used [0x00000000e6b00000,0x00000000e6b00000,0x00000000e8200000)
 ParOldGen       total 189952K, used 35807K [0x00000000a0000000, 0x00000000ab980000, 0x00000000e0000000)
  object space 189952K, 18% used [0x00000000a0000000,0x00000000a22f7dd0,0x00000000ab980000)
 Metaspace       used 57124K, capacity 58934K, committed 58968K, reserved 1099776K
  class space    used 7790K, capacity 8288K, committed 8320K, reserved 1048576K
}

